{"/home/travis/build/npmtest/node-npmtest-indicative/test.js":{"path":"/home/travis/build/npmtest/node-npmtest-indicative/test.js","s":{"1":2,"2":2,"3":2,"4":2,"5":2,"6":2,"7":2,"8":1,"9":2,"10":2,"11":1,"12":1,"13":1,"14":1,"15":2,"16":2,"17":2,"18":2,"19":1,"20":1,"21":2,"22":2,"23":2,"24":1,"25":1,"26":1,"27":1,"28":1,"29":1,"30":1,"31":1,"32":1,"33":1,"34":1,"35":1,"36":1,"37":1,"38":1,"39":2,"40":2,"41":1,"42":2,"43":2,"44":1,"45":2,"46":2,"47":1,"48":2,"49":2,"50":1,"51":1,"52":1,"53":1,"54":1},"b":{"1":[2,1,1,1],"2":[1,1,1,1],"3":[1,1],"4":[1,1],"5":[1,1],"6":[1,1],"7":[1,1],"8":[1,1],"9":[1,1],"10":[1,1,1],"11":[1,1],"12":[1,1],"13":[1,1],"14":[1,1],"15":[1,1],"16":[1,1],"17":[1,1]},"f":{"1":2,"2":2,"3":2,"4":2,"5":2,"6":1,"7":1,"8":1,"9":2,"10":2,"11":2,"12":2,"13":1},"fnMap":{"1":{"name":"(anonymous_1)","line":12,"loc":{"start":{"line":12,"column":1},"end":{"line":12,"column":13}}},"2":{"name":"(anonymous_2)","line":19,"loc":{"start":{"line":19,"column":5},"end":{"line":19,"column":17}}},"3":{"name":"(anonymous_3)","line":23,"loc":{"start":{"line":23,"column":24},"end":{"line":23,"column":36}}},"4":{"name":"(anonymous_4)","line":61,"loc":{"start":{"line":61,"column":5},"end":{"line":61,"column":17}}},"5":{"name":"(anonymous_5)","line":82,"loc":{"start":{"line":82,"column":5},"end":{"line":82,"column":17}}},"6":{"name":"(anonymous_6)","line":91,"loc":{"start":{"line":91,"column":77},"end":{"line":94,"column":10}}},"7":{"name":"(anonymous_7)","line":112,"loc":{"start":{"line":112,"column":83},"end":{"line":115,"column":10}},"skip":true},"8":{"name":"(anonymous_8)","line":123,"loc":{"start":{"line":123,"column":77},"end":{"line":126,"column":10}},"skip":true},"9":{"name":"(anonymous_9)","line":139,"loc":{"start":{"line":139,"column":12},"end":{"line":139,"column":40}},"skip":true},"10":{"name":"(anonymous_10)","line":147,"loc":{"start":{"line":147,"column":77},"end":{"line":150,"column":10}},"skip":true},"11":{"name":"(anonymous_11)","line":158,"loc":{"start":{"line":158,"column":83},"end":{"line":161,"column":10}},"skip":true},"12":{"name":"(anonymous_12)","line":169,"loc":{"start":{"line":169,"column":79},"end":{"line":172,"column":10}},"skip":true},"13":{"name":"(anonymous_13)","line":180,"loc":{"start":{"line":180,"column":75},"end":{"line":183,"column":10}},"skip":true}},"statementMap":{"1":{"start":{"line":12,"column":0},"end":{"line":195,"column":5}},"2":{"start":{"line":14,"column":4},"end":{"line":14,"column":14}},"3":{"start":{"line":19,"column":4},"end":{"line":56,"column":9}},"4":{"start":{"line":21,"column":8},"end":{"line":21,"column":19}},"5":{"start":{"line":23,"column":8},"end":{"line":35,"column":13}},"6":{"start":{"line":24,"column":12},"end":{"line":34,"column":13}},"7":{"start":{"line":25,"column":16},"end":{"line":28,"column":30}},"8":{"start":{"line":30,"column":16},"end":{"line":33,"column":27}},"9":{"start":{"line":37,"column":8},"end":{"line":39,"column":21}},"10":{"start":{"line":40,"column":8},"end":{"line":53,"column":9}},"11":{"start":{"line":43,"column":12},"end":{"line":46,"column":14}},"12":{"start":{"line":47,"column":12},"end":{"line":47,"column":18}},"13":{"start":{"line":50,"column":12},"end":{"line":51,"column":33}},"14":{"start":{"line":52,"column":12},"end":{"line":52,"column":18}},"15":{"start":{"line":55,"column":8},"end":{"line":55,"column":35}},"16":{"start":{"line":61,"column":4},"end":{"line":63,"column":9}},"17":{"start":{"line":62,"column":8},"end":{"line":62,"column":15}},"18":{"start":{"line":64,"column":4},"end":{"line":77,"column":5}},"19":{"start":{"line":70,"column":8},"end":{"line":70,"column":14}},"20":{"start":{"line":76,"column":8},"end":{"line":76,"column":14}},"21":{"start":{"line":82,"column":4},"end":{"line":84,"column":9}},"22":{"start":{"line":83,"column":8},"end":{"line":83,"column":15}},"23":{"start":{"line":85,"column":4},"end":{"line":194,"column":5}},"24":{"start":{"line":91,"column":8},"end":{"line":99,"column":10}},"25":{"start":{"line":98,"column":12},"end":{"line":98,"column":35}},"26":{"start":{"line":102,"column":8},"end":{"line":104,"column":63}},"27":{"start":{"line":105,"column":8},"end":{"line":105,"column":14}},"28":{"start":{"line":112,"column":8},"end":{"line":121,"column":10},"skip":true},"29":{"start":{"line":119,"column":12},"end":{"line":119,"column":55},"skip":true},"30":{"start":{"line":120,"column":12},"end":{"line":120,"column":48},"skip":true},"31":{"start":{"line":123,"column":8},"end":{"line":136,"column":10},"skip":true},"32":{"start":{"line":130,"column":12},"end":{"line":130,"column":76},"skip":true},"33":{"start":{"line":131,"column":12},"end":{"line":131,"column":73},"skip":true},"34":{"start":{"line":132,"column":12},"end":{"line":132,"column":74},"skip":true},"35":{"start":{"line":133,"column":12},"end":{"line":133,"column":79},"skip":true},"36":{"start":{"line":134,"column":12},"end":{"line":134,"column":25},"skip":true},"37":{"start":{"line":135,"column":12},"end":{"line":135,"column":45},"skip":true},"38":{"start":{"line":138,"column":8},"end":{"line":145,"column":14},"skip":true},"39":{"start":{"line":143,"column":16},"end":{"line":143,"column":29},"skip":true},"40":{"start":{"line":144,"column":16},"end":{"line":144,"column":55},"skip":true},"41":{"start":{"line":147,"column":8},"end":{"line":156,"column":10},"skip":true},"42":{"start":{"line":154,"column":12},"end":{"line":154,"column":25},"skip":true},"43":{"start":{"line":155,"column":12},"end":{"line":155,"column":45},"skip":true},"44":{"start":{"line":158,"column":8},"end":{"line":167,"column":10},"skip":true},"45":{"start":{"line":165,"column":12},"end":{"line":165,"column":25},"skip":true},"46":{"start":{"line":166,"column":12},"end":{"line":166,"column":48},"skip":true},"47":{"start":{"line":169,"column":8},"end":{"line":178,"column":10},"skip":true},"48":{"start":{"line":176,"column":12},"end":{"line":176,"column":25},"skip":true},"49":{"start":{"line":177,"column":12},"end":{"line":177,"column":46},"skip":true},"50":{"start":{"line":180,"column":8},"end":{"line":189,"column":10},"skip":true},"51":{"start":{"line":187,"column":12},"end":{"line":187,"column":94},"skip":true},"52":{"start":{"line":188,"column":12},"end":{"line":188,"column":48},"skip":true},"53":{"start":{"line":192,"column":8},"end":{"line":192,"column":35},"skip":true},"54":{"start":{"line":193,"column":8},"end":{"line":193,"column":14},"skip":true}},"branchMap":{"1":{"line":25,"type":"binary-expr","locations":[{"start":{"line":25,"column":23},"end":{"line":25,"column":62}},{"start":{"line":26,"column":20},"end":{"line":26,"column":70}},{"start":{"line":27,"column":20},"end":{"line":27,"column":71}},{"start":{"line":28,"column":20},"end":{"line":28,"column":29}}]},"2":{"line":30,"type":"binary-expr","locations":[{"start":{"line":30,"column":23},"end":{"line":30,"column":37}},{"start":{"line":31,"column":20},"end":{"line":31,"column":61}},{"start":{"line":32,"column":20},"end":{"line":32,"column":70}},{"start":{"line":33,"column":20},"end":{"line":33,"column":26}}]},"3":{"line":37,"type":"cond-expr","locations":[{"start":{"line":38,"column":14},"end":{"line":38,"column":20}},{"start":{"line":39,"column":14},"end":{"line":39,"column":20}}]},"4":{"line":40,"type":"switch","locations":[{"start":{"line":42,"column":8},"end":{"line":47,"column":18}},{"start":{"line":49,"column":8},"end":{"line":52,"column":18}}]},"5":{"line":44,"type":"binary-expr","locations":[{"start":{"line":44,"column":16},"end":{"line":44,"column":44}},{"start":{"line":44,"column":48},"end":{"line":44,"column":66}}]},"6":{"line":50,"type":"binary-expr","locations":[{"start":{"line":50,"column":21},"end":{"line":50,"column":49}},{"start":{"line":50,"column":53},"end":{"line":50,"column":72}}]},"7":{"line":64,"type":"switch","locations":[{"start":{"line":69,"column":4},"end":{"line":70,"column":14}},{"start":{"line":75,"column":4},"end":{"line":76,"column":14}}]},"8":{"line":85,"type":"switch","locations":[{"start":{"line":90,"column":4},"end":{"line":105,"column":14}},{"start":{"line":111,"column":4},"end":{"line":193,"column":14},"skip":true}]},"9":{"line":91,"type":"binary-expr","locations":[{"start":{"line":91,"column":42},"end":{"line":91,"column":73}},{"start":{"line":91,"column":77},"end":{"line":99,"column":9}}]},"10":{"line":102,"type":"binary-expr","locations":[{"start":{"line":102,"column":18},"end":{"line":102,"column":32}},{"start":{"line":103,"column":12},"end":{"line":103,"column":53}},{"start":{"line":104,"column":12},"end":{"line":104,"column":61}}]},"11":{"line":112,"type":"binary-expr","locations":[{"start":{"line":112,"column":45},"end":{"line":112,"column":79},"skip":true},{"start":{"line":112,"column":83},"end":{"line":121,"column":9},"skip":true}]},"12":{"line":123,"type":"binary-expr","locations":[{"start":{"line":123,"column":42},"end":{"line":123,"column":73},"skip":true},{"start":{"line":123,"column":77},"end":{"line":136,"column":9},"skip":true}]},"13":{"line":138,"type":"binary-expr","locations":[{"start":{"line":138,"column":48},"end":{"line":138,"column":85},"skip":true},{"start":{"line":139,"column":12},"end":{"line":145,"column":13},"skip":true}]},"14":{"line":147,"type":"binary-expr","locations":[{"start":{"line":147,"column":42},"end":{"line":147,"column":73},"skip":true},{"start":{"line":147,"column":77},"end":{"line":156,"column":9},"skip":true}]},"15":{"line":158,"type":"binary-expr","locations":[{"start":{"line":158,"column":45},"end":{"line":158,"column":79},"skip":true},{"start":{"line":158,"column":83},"end":{"line":167,"column":9},"skip":true}]},"16":{"line":169,"type":"binary-expr","locations":[{"start":{"line":169,"column":43},"end":{"line":169,"column":75},"skip":true},{"start":{"line":169,"column":79},"end":{"line":178,"column":9},"skip":true}]},"17":{"line":180,"type":"binary-expr","locations":[{"start":{"line":180,"column":41},"end":{"line":180,"column":71},"skip":true},{"start":{"line":180,"column":75},"end":{"line":189,"column":9},"skip":true}]}},"code":["/* istanbul instrument in package npmtest_indicative */","/*jslint","    bitwise: true,","    browser: true,","    maxerr: 8,","    maxlen: 96,","    node: true,","    nomen: true,","    regexp: true,","    stupid: true","*/","(function () {","    'use strict';","    var local;","","","","    // run shared js-env code - init-before","    (function () {","        // init local","        local = {};","        // init modeJs","        local.modeJs = (function () {","            try {","                return typeof navigator.userAgent === 'string' &&","                    typeof document.querySelector('body') === 'object' &&","                    typeof XMLHttpRequest.prototype.open === 'function' &&","                    'browser';","            } catch (errorCaughtBrowser) {","                return module.exports &&","                    typeof process.versions.node === 'string' &&","                    typeof require('http').createServer === 'function' &&","                    'node';","            }","        }());","        // init global","        local.global = local.modeJs === 'browser'","            ? window","            : global;","        switch (local.modeJs) {","        // re-init local from window.local","        case 'browser':","            local = local.global.utility2.objectSetDefault(","                local.global.utility2_rollup || local.global.local,","                local.global.utility2","            );","            break;","        // re-init local from example.js","        case 'node':","            local = (local.global.utility2_rollup || require('utility2'))","                .requireReadme();","            break;","        }","        // export local","        local.global.local = local;","    }());","","","","    // run shared js-env code - function","    (function () {","        return;","    }());","    switch (local.modeJs) {","","","","    // run browser js-env code - function","    case 'browser':","        break;","","","","    // run node js-env code - function","    case 'node':","        break;","    }","","","","    // run shared js-env code - init-after","    (function () {","        return;","    }());","    switch (local.modeJs) {","","","","    // run browser js-env code - init-after","    case 'browser':","        local.testCase_browser_nullCase = local.testCase_browser_nullCase || function (","            options,","            onError","        ) {","        /*","         * this function will test browsers's null-case handling-behavior-behavior","         */","            onError(null, options);","        };","","        // run tests","        local.nop(local.modeTest &&","            document.querySelector('#testRunButton1') &&","            document.querySelector('#testRunButton1').click());","        break;","","","","    // run node js-env code - init-after","    /* istanbul ignore next */","    case 'node':","        local.testCase_buildApidoc_default = local.testCase_buildApidoc_default || function (","            options,","            onError","        ) {","        /*","         * this function will test buildApidoc's default handling-behavior-behavior","         */","            options = { modulePathList: module.paths };","            local.buildApidoc(options, onError);","        };","","        local.testCase_buildApp_default = local.testCase_buildApp_default || function (","            options,","            onError","        ) {","        /*","         * this function will test buildApp's default handling-behavior-behavior","         */","            local.testCase_buildReadme_default(options, local.onErrorThrow);","            local.testCase_buildLib_default(options, local.onErrorThrow);","            local.testCase_buildTest_default(options, local.onErrorThrow);","            local.testCase_buildCustomOrg_default(options, local.onErrorThrow);","            options = [];","            local.buildApp(options, onError);","        };","","        local.testCase_buildCustomOrg_default = local.testCase_buildCustomOrg_default ||","            function (options, onError) {","            /*","             * this function will test buildCustomOrg's default handling-behavior","             */","                options = {};","                local.buildCustomOrg(options, onError);","            };","","        local.testCase_buildLib_default = local.testCase_buildLib_default || function (","            options,","            onError","        ) {","        /*","         * this function will test buildLib's default handling-behavior","         */","            options = {};","            local.buildLib(options, onError);","        };","","        local.testCase_buildReadme_default = local.testCase_buildReadme_default || function (","            options,","            onError","        ) {","        /*","         * this function will test buildReadme's default handling-behavior-behavior","         */","            options = {};","            local.buildReadme(options, onError);","        };","","        local.testCase_buildTest_default = local.testCase_buildTest_default || function (","            options,","            onError","        ) {","        /*","         * this function will test buildTest's default handling-behavior","         */","            options = {};","            local.buildTest(options, onError);","        };","","        local.testCase_webpage_default = local.testCase_webpage_default || function (","            options,","            onError","        ) {","        /*","         * this function will test webpage's default handling-behavior","         */","            options = { modeCoverageMerge: true, url: local.serverLocalHost + '?modeTest=1' };","            local.browserTest(options, onError);","        };","","        // run test-server","        local.testRunServer(local);","        break;","    }","}());",""],"l":{"12":2,"14":2,"19":2,"21":2,"23":2,"24":2,"25":2,"30":1,"37":2,"40":2,"43":1,"47":1,"50":1,"52":1,"55":2,"61":2,"62":2,"64":2,"70":1,"76":1,"82":2,"83":2,"85":2,"91":1,"98":1,"102":1,"105":1,"112":1,"119":1,"120":1,"123":1,"130":1,"131":1,"132":1,"133":1,"134":1,"135":1,"138":1,"143":2,"144":2,"147":1,"154":2,"155":2,"158":1,"165":2,"166":2,"169":1,"176":2,"177":2,"180":1,"187":1,"188":1,"192":1,"193":1}},"/home/travis/build/npmtest/node-npmtest-indicative/lib.npmtest_indicative.js":{"path":"/home/travis/build/npmtest/node-npmtest-indicative/lib.npmtest_indicative.js","s":{"1":2,"2":2,"3":2,"4":2,"5":2,"6":2,"7":2,"8":1,"9":2,"10":2,"11":2,"12":2,"13":1,"14":1,"15":1,"16":1},"b":{"1":[2,1,1,1],"2":[1,1,1,1],"3":[1,1],"4":[2,2],"5":[1,1]},"f":{"1":2,"2":2,"3":2},"fnMap":{"1":{"name":"(anonymous_1)","line":12,"loc":{"start":{"line":12,"column":1},"end":{"line":12,"column":13}}},"2":{"name":"(anonymous_2)","line":19,"loc":{"start":{"line":19,"column":5},"end":{"line":19,"column":17}}},"3":{"name":"(anonymous_3)","line":23,"loc":{"start":{"line":23,"column":24},"end":{"line":23,"column":36}}}},"statementMap":{"1":{"start":{"line":12,"column":0},"end":{"line":53,"column":5}},"2":{"start":{"line":14,"column":4},"end":{"line":14,"column":14}},"3":{"start":{"line":19,"column":4},"end":{"line":52,"column":9}},"4":{"start":{"line":21,"column":8},"end":{"line":21,"column":19}},"5":{"start":{"line":23,"column":8},"end":{"line":35,"column":13}},"6":{"start":{"line":24,"column":12},"end":{"line":34,"column":13}},"7":{"start":{"line":25,"column":16},"end":{"line":28,"column":30}},"8":{"start":{"line":30,"column":16},"end":{"line":33,"column":27}},"9":{"start":{"line":37,"column":8},"end":{"line":39,"column":21}},"10":{"start":{"line":41,"column":8},"end":{"line":41,"column":54}},"11":{"start":{"line":43,"column":8},"end":{"line":43,"column":55}},"12":{"start":{"line":45,"column":8},"end":{"line":51,"column":9}},"13":{"start":{"line":46,"column":12},"end":{"line":46,"column":61}},"14":{"start":{"line":48,"column":12},"end":{"line":48,"column":35}},"15":{"start":{"line":49,"column":12},"end":{"line":49,"column":49}},"16":{"start":{"line":50,"column":12},"end":{"line":50,"column":43}}},"branchMap":{"1":{"line":25,"type":"binary-expr","locations":[{"start":{"line":25,"column":23},"end":{"line":25,"column":62}},{"start":{"line":26,"column":20},"end":{"line":26,"column":70}},{"start":{"line":27,"column":20},"end":{"line":27,"column":71}},{"start":{"line":28,"column":20},"end":{"line":28,"column":29}}]},"2":{"line":30,"type":"binary-expr","locations":[{"start":{"line":30,"column":23},"end":{"line":30,"column":37}},{"start":{"line":31,"column":20},"end":{"line":31,"column":61}},{"start":{"line":32,"column":20},"end":{"line":32,"column":70}},{"start":{"line":33,"column":20},"end":{"line":33,"column":26}}]},"3":{"line":37,"type":"cond-expr","locations":[{"start":{"line":38,"column":14},"end":{"line":38,"column":20}},{"start":{"line":39,"column":14},"end":{"line":39,"column":20}}]},"4":{"line":41,"type":"binary-expr","locations":[{"start":{"line":41,"column":16},"end":{"line":41,"column":44}},{"start":{"line":41,"column":48},"end":{"line":41,"column":53}}]},"5":{"line":45,"type":"if","locations":[{"start":{"line":45,"column":8},"end":{"line":45,"column":8}},{"start":{"line":45,"column":8},"end":{"line":45,"column":8}}]}},"code":["/* istanbul instrument in package npmtest_indicative */","/*jslint","    bitwise: true,","    browser: true,","    maxerr: 8,","    maxlen: 96,","    node: true,","    nomen: true,","    regexp: true,","    stupid: true","*/","(function () {","    'use strict';","    var local;","","","","    // run shared js-env code - init-before","    (function () {","        // init local","        local = {};","        // init modeJs","        local.modeJs = (function () {","            try {","                return typeof navigator.userAgent === 'string' &&","                    typeof document.querySelector('body') === 'object' &&","                    typeof XMLHttpRequest.prototype.open === 'function' &&","                    'browser';","            } catch (errorCaughtBrowser) {","                return module.exports &&","                    typeof process.versions.node === 'string' &&","                    typeof require('http').createServer === 'function' &&","                    'node';","            }","        }());","        // init global","        local.global = local.modeJs === 'browser'","            ? window","            : global;","        // init utility2_rollup","        local = local.global.utility2_rollup || local;","        // init lib","        local.local = local.npmtest_indicative = local;","        // init exports","        if (local.modeJs === 'browser') {","            local.global.utility2_npmtest_indicative = local;","        } else {","            module.exports = local;","            module.exports.__dirname = __dirname;","            module.exports.module = module;","        }","    }());","}());",""],"l":{"12":2,"14":2,"19":2,"21":2,"23":2,"24":2,"25":2,"30":1,"37":2,"41":2,"43":2,"45":2,"46":1,"48":1,"49":1,"50":1}},"/home/travis/build/npmtest/node-npmtest-indicative/example.js":{"path":"/home/travis/build/npmtest/node-npmtest-indicative/example.js","s":{"1":2,"2":2,"3":2,"4":2,"5":2,"6":2,"7":2,"8":1,"9":2,"10":2,"11":2,"12":2,"13":1,"14":2,"15":2,"16":2,"17":2,"18":2,"19":0,"20":2,"21":1,"22":1,"23":1,"24":1,"25":1,"26":0,"27":0,"28":1,"29":1,"30":2,"31":0,"32":0,"33":0,"34":1,"35":2,"36":2,"37":3,"38":3,"39":3,"40":3,"41":0,"42":3,"43":3,"44":3,"45":1,"46":3,"47":1,"48":1,"49":1,"50":1,"51":1,"52":1,"53":1,"54":1,"55":1,"56":1,"57":0,"58":1,"59":6,"60":6,"61":1,"62":2,"63":0,"64":2,"65":1,"66":1,"67":0,"68":0,"69":0,"70":0,"71":0,"72":0,"73":0,"74":0,"75":0,"76":0,"77":0,"78":0,"79":0,"80":0,"81":0,"82":0,"83":0},"b":{"1":[2,1,1,1],"2":[1,1,1,1],"3":[1,1],"4":[2,2],"5":[1,1],"6":[1,1],"7":[2,0],"8":[2,1,1,1,1,1],"9":[0,2,0],"10":[1,1],"11":[2,1,1],"12":[1,0],"13":[0,2],"14":[2,0,0,0,0,0,0],"15":[0,3],"16":[3,0],"17":[1,1],"18":[0,1],"19":[1,2,0,2],"20":[1,0],"21":[1,1],"22":[0,0],"23":[0,0],"24":[0,0],"25":[0,0],"26":[0,0],"27":[0,0],"28":[0,0]},"f":{"1":2,"2":2,"3":2,"4":2,"5":2,"6":2,"7":3,"8":3,"9":3,"10":1,"11":6,"12":0},"fnMap":{"1":{"name":"(anonymous_1)","line":26,"loc":{"start":{"line":26,"column":1},"end":{"line":26,"column":13}}},"2":{"name":"(anonymous_2)","line":33,"loc":{"start":{"line":33,"column":5},"end":{"line":33,"column":17}}},"3":{"name":"(anonymous_3)","line":37,"loc":{"start":{"line":37,"column":24},"end":{"line":37,"column":36}}},"4":{"name":"(anonymous_4)","line":69,"loc":{"start":{"line":69,"column":31},"end":{"line":69,"column":48}},"skip":true},"5":{"name":"(anonymous_5)","line":78,"loc":{"start":{"line":78,"column":26},"end":{"line":78,"column":45}},"skip":true},"6":{"name":"(anonymous_6)","line":123,"loc":{"start":{"line":123,"column":33},"end":{"line":123,"column":48}},"skip":true},"7":{"name":"(anonymous_7)","line":125,"loc":{"start":{"line":125,"column":27},"end":{"line":125,"column":39}},"skip":true},"8":{"name":"(anonymous_8)","line":133,"loc":{"start":{"line":133,"column":59},"end":{"line":133,"column":74}},"skip":true},"9":{"name":"(anonymous_9)","line":143,"loc":{"start":{"line":143,"column":45},"end":{"line":143,"column":62}},"skip":true},"10":{"name":"(anonymous_10)","line":144,"loc":{"start":{"line":144,"column":73},"end":{"line":144,"column":92}},"skip":true},"11":{"name":"(anonymous_11)","line":272,"loc":{"start":{"line":272,"column":51},"end":{"line":272,"column":77}},"skip":true},"12":{"name":"(anonymous_12)","line":315,"loc":{"start":{"line":315,"column":32},"end":{"line":315,"column":61}},"skip":true}},"statementMap":{"1":{"start":{"line":26,"column":0},"end":{"line":326,"column":5}},"2":{"start":{"line":28,"column":4},"end":{"line":28,"column":14}},"3":{"start":{"line":33,"column":4},"end":{"line":60,"column":9}},"4":{"start":{"line":35,"column":8},"end":{"line":35,"column":19}},"5":{"start":{"line":37,"column":8},"end":{"line":49,"column":13}},"6":{"start":{"line":38,"column":12},"end":{"line":48,"column":13}},"7":{"start":{"line":39,"column":16},"end":{"line":42,"column":30}},"8":{"start":{"line":44,"column":16},"end":{"line":47,"column":27}},"9":{"start":{"line":51,"column":8},"end":{"line":53,"column":21}},"10":{"start":{"line":55,"column":8},"end":{"line":57,"column":45}},"11":{"start":{"line":59,"column":8},"end":{"line":59,"column":35}},"12":{"start":{"line":61,"column":4},"end":{"line":325,"column":5}},"13":{"start":{"line":69,"column":8},"end":{"line":121,"column":10},"skip":true},"14":{"start":{"line":70,"column":12},"end":{"line":88,"column":13},"skip":true},"15":{"start":{"line":76,"column":16},"end":{"line":87,"column":19},"skip":true},"16":{"start":{"line":79,"column":20},"end":{"line":86,"column":21},"skip":true},"17":{"start":{"line":82,"column":24},"end":{"line":82,"column":43},"skip":true},"18":{"start":{"line":83,"column":24},"end":{"line":83,"column":30},"skip":true},"19":{"start":{"line":85,"column":24},"end":{"line":85,"column":49},"skip":true},"20":{"start":{"line":89,"column":12},"end":{"line":107,"column":13},"skip":true},"21":{"start":{"line":92,"column":16},"end":{"line":102,"column":17},"skip":true},"22":{"start":{"line":93,"column":20},"end":{"line":93,"column":86},"skip":true},"23":{"start":{"line":94,"column":20},"end":{"line":95,"column":45},"skip":true},"24":{"start":{"line":96,"column":20},"end":{"line":96,"column":42},"skip":true},"25":{"start":{"line":97,"column":20},"end":{"line":97,"column":48},"skip":true},"26":{"start":{"line":100,"column":20},"end":{"line":100,"column":85},"skip":true},"27":{"start":{"line":101,"column":20},"end":{"line":101,"column":96},"skip":true},"28":{"start":{"line":103,"column":16},"end":{"line":103,"column":22},"skip":true},"29":{"start":{"line":106,"column":16},"end":{"line":106,"column":22},"skip":true},"30":{"start":{"line":108,"column":12},"end":{"line":120,"column":13},"skip":true},"31":{"start":{"line":114,"column":16},"end":{"line":119,"column":17},"skip":true},"32":{"start":{"line":116,"column":20},"end":{"line":116,"column":78},"skip":true},"33":{"start":{"line":118,"column":20},"end":{"line":118,"column":47},"skip":true},"34":{"start":{"line":123,"column":8},"end":{"line":141,"column":11},"skip":true},"35":{"start":{"line":124,"column":12},"end":{"line":124,"column":54},"skip":true},"36":{"start":{"line":125,"column":12},"end":{"line":140,"column":14},"skip":true},"37":{"start":{"line":126,"column":16},"end":{"line":126,"column":28},"skip":true},"38":{"start":{"line":127,"column":16},"end":{"line":127,"column":69},"skip":true},"39":{"start":{"line":128,"column":16},"end":{"line":128,"column":75},"skip":true},"40":{"start":{"line":129,"column":16},"end":{"line":131,"column":17},"skip":true},"41":{"start":{"line":130,"column":20},"end":{"line":130,"column":27},"skip":true},"42":{"start":{"line":133,"column":16},"end":{"line":137,"column":36},"skip":true},"43":{"start":{"line":134,"column":20},"end":{"line":136,"column":55},"skip":true},"44":{"start":{"line":139,"column":16},"end":{"line":139,"column":57},"skip":true},"45":{"start":{"line":143,"column":8},"end":{"line":147,"column":11},"skip":true},"46":{"start":{"line":144,"column":12},"end":{"line":146,"column":15},"skip":true},"47":{"start":{"line":145,"column":16},"end":{"line":145,"column":70},"skip":true},"48":{"start":{"line":149,"column":8},"end":{"line":149,"column":31},"skip":true},"49":{"start":{"line":150,"column":8},"end":{"line":150,"column":14},"skip":true},"50":{"start":{"line":158,"column":8},"end":{"line":158,"column":31},"skip":true},"51":{"start":{"line":160,"column":8},"end":{"line":160,"column":33},"skip":true},"52":{"start":{"line":161,"column":8},"end":{"line":161,"column":37},"skip":true},"53":{"start":{"line":162,"column":8},"end":{"line":162,"column":35},"skip":true},"54":{"start":{"line":164,"column":8},"end":{"line":164,"column":50},"skip":true},"55":{"start":{"line":166,"column":8},"end":{"line":256,"column":2},"skip":true},"56":{"start":{"line":258,"column":8},"end":{"line":286,"column":9},"skip":true},"57":{"start":{"line":259,"column":12},"end":{"line":269,"column":14},"skip":true},"58":{"start":{"line":271,"column":12},"end":{"line":285,"column":19},"skip":true},"59":{"start":{"line":274,"column":20},"end":{"line":274,"column":35},"skip":true},"60":{"start":{"line":275,"column":20},"end":{"line":284,"column":21},"skip":true},"61":{"start":{"line":277,"column":24},"end":{"line":277,"column":64},"skip":true},"62":{"start":{"line":279,"column":24},"end":{"line":279,"column":40},"skip":true},"63":{"start":{"line":281,"column":24},"end":{"line":281,"column":40},"skip":true},"64":{"start":{"line":283,"column":24},"end":{"line":283,"column":39},"skip":true},"65":{"start":{"line":288,"column":8},"end":{"line":290,"column":9},"skip":true},"66":{"start":{"line":289,"column":12},"end":{"line":289,"column":18},"skip":true},"67":{"start":{"line":291,"column":8},"end":{"line":293,"column":54},"skip":true},"68":{"start":{"line":296,"column":8},"end":{"line":301,"column":37},"skip":true},"69":{"start":{"line":303,"column":8},"end":{"line":303,"column":82},"skip":true},"70":{"start":{"line":306,"column":8},"end":{"line":308,"column":9},"skip":true},"71":{"start":{"line":307,"column":12},"end":{"line":307,"column":82},"skip":true},"72":{"start":{"line":310,"column":8},"end":{"line":312,"column":9},"skip":true},"73":{"start":{"line":311,"column":12},"end":{"line":311,"column":18},"skip":true},"74":{"start":{"line":313,"column":8},"end":{"line":313,"column":54},"skip":true},"75":{"start":{"line":314,"column":8},"end":{"line":314,"column":69},"skip":true},"76":{"start":{"line":315,"column":8},"end":{"line":323,"column":36},"skip":true},"77":{"start":{"line":316,"column":12},"end":{"line":316,"column":61},"skip":true},"78":{"start":{"line":317,"column":12},"end":{"line":320,"column":13},"skip":true},"79":{"start":{"line":318,"column":16},"end":{"line":318,"column":75},"skip":true},"80":{"start":{"line":319,"column":16},"end":{"line":319,"column":23},"skip":true},"81":{"start":{"line":321,"column":12},"end":{"line":321,"column":38},"skip":true},"82":{"start":{"line":322,"column":12},"end":{"line":322,"column":27},"skip":true},"83":{"start":{"line":324,"column":8},"end":{"line":324,"column":14},"skip":true}},"branchMap":{"1":{"line":39,"type":"binary-expr","locations":[{"start":{"line":39,"column":23},"end":{"line":39,"column":62}},{"start":{"line":40,"column":20},"end":{"line":40,"column":70}},{"start":{"line":41,"column":20},"end":{"line":41,"column":71}},{"start":{"line":42,"column":20},"end":{"line":42,"column":29}}]},"2":{"line":44,"type":"binary-expr","locations":[{"start":{"line":44,"column":23},"end":{"line":44,"column":37}},{"start":{"line":45,"column":20},"end":{"line":45,"column":61}},{"start":{"line":46,"column":20},"end":{"line":46,"column":70}},{"start":{"line":47,"column":20},"end":{"line":47,"column":26}}]},"3":{"line":51,"type":"cond-expr","locations":[{"start":{"line":52,"column":14},"end":{"line":52,"column":20}},{"start":{"line":53,"column":14},"end":{"line":53,"column":20}}]},"4":{"line":55,"type":"binary-expr","locations":[{"start":{"line":55,"column":16},"end":{"line":55,"column":44}},{"start":{"line":55,"column":49},"end":{"line":57,"column":43}}]},"5":{"line":55,"type":"cond-expr","locations":[{"start":{"line":56,"column":14},"end":{"line":56,"column":54}},{"start":{"line":57,"column":14},"end":{"line":57,"column":43}}]},"6":{"line":61,"type":"switch","locations":[{"start":{"line":68,"column":4},"end":{"line":150,"column":14},"skip":true},{"start":{"line":156,"column":4},"end":{"line":324,"column":14},"skip":true}]},"7":{"line":70,"type":"if","locations":[{"start":{"line":70,"column":12},"end":{"line":70,"column":12},"skip":true},{"start":{"line":70,"column":12},"end":{"line":70,"column":12},"skip":true}]},"8":{"line":70,"type":"binary-expr","locations":[{"start":{"line":70,"column":16},"end":{"line":70,"column":22},"skip":true},{"start":{"line":70,"column":27},"end":{"line":70,"column":32},"skip":true},{"start":{"line":71,"column":20},"end":{"line":71,"column":39},"skip":true},{"start":{"line":72,"column":20},"end":{"line":72,"column":49},"skip":true},{"start":{"line":73,"column":20},"end":{"line":73,"column":58},"skip":true},{"start":{"line":74,"column":20},"end":{"line":74,"column":69},"skip":true}]},"9":{"line":79,"type":"switch","locations":[{"start":{"line":80,"column":20},"end":{"line":80,"column":33},"skip":true},{"start":{"line":81,"column":20},"end":{"line":83,"column":30},"skip":true},{"start":{"line":84,"column":20},"end":{"line":85,"column":49},"skip":true}]},"10":{"line":89,"type":"switch","locations":[{"start":{"line":90,"column":12},"end":{"line":103,"column":22},"skip":true},{"start":{"line":105,"column":12},"end":{"line":106,"column":22},"skip":true}]},"11":{"line":89,"type":"binary-expr","locations":[{"start":{"line":89,"column":20},"end":{"line":89,"column":25},"skip":true},{"start":{"line":89,"column":29},"end":{"line":89,"column":48},"skip":true},{"start":{"line":89,"column":52},"end":{"line":89,"column":74},"skip":true}]},"12":{"line":92,"type":"if","locations":[{"start":{"line":92,"column":16},"end":{"line":92,"column":16},"skip":true},{"start":{"line":92,"column":16},"end":{"line":92,"column":16},"skip":true}]},"13":{"line":108,"type":"if","locations":[{"start":{"line":108,"column":12},"end":{"line":108,"column":12},"skip":true},{"start":{"line":108,"column":12},"end":{"line":108,"column":12},"skip":true}]},"14":{"line":108,"type":"binary-expr","locations":[{"start":{"line":108,"column":16},"end":{"line":108,"column":61},"skip":true},{"start":{"line":108,"column":66},"end":{"line":108,"column":72},"skip":true},{"start":{"line":108,"column":77},"end":{"line":108,"column":82},"skip":true},{"start":{"line":109,"column":20},"end":{"line":109,"column":39},"skip":true},{"start":{"line":110,"column":20},"end":{"line":110,"column":49},"skip":true},{"start":{"line":111,"column":20},"end":{"line":111,"column":58},"skip":true},{"start":{"line":112,"column":20},"end":{"line":112,"column":68},"skip":true}]},"15":{"line":129,"type":"if","locations":[{"start":{"line":129,"column":16},"end":{"line":129,"column":16},"skip":true},{"start":{"line":129,"column":16},"end":{"line":129,"column":16},"skip":true}]},"16":{"line":134,"type":"cond-expr","locations":[{"start":{"line":135,"column":26},"end":{"line":135,"column":29},"skip":true},{"start":{"line":136,"column":26},"end":{"line":136,"column":54},"skip":true}]},"17":{"line":164,"type":"binary-expr","locations":[{"start":{"line":164,"column":27},"end":{"line":164,"column":43},"skip":true},{"start":{"line":164,"column":47},"end":{"line":164,"column":49},"skip":true}]},"18":{"line":258,"type":"if","locations":[{"start":{"line":258,"column":8},"end":{"line":258,"column":8},"skip":true},{"start":{"line":258,"column":8},"end":{"line":258,"column":8},"skip":true}]},"19":{"line":275,"type":"switch","locations":[{"start":{"line":276,"column":20},"end":{"line":277,"column":64},"skip":true},{"start":{"line":278,"column":20},"end":{"line":279,"column":40},"skip":true},{"start":{"line":280,"column":20},"end":{"line":281,"column":40},"skip":true},{"start":{"line":282,"column":20},"end":{"line":283,"column":39},"skip":true}]},"20":{"line":288,"type":"if","locations":[{"start":{"line":288,"column":8},"end":{"line":288,"column":8},"skip":true},{"start":{"line":288,"column":8},"end":{"line":288,"column":8},"skip":true}]},"21":{"line":288,"type":"binary-expr","locations":[{"start":{"line":288,"column":12},"end":{"line":288,"column":40},"skip":true},{"start":{"line":288,"column":44},"end":{"line":288,"column":67},"skip":true}]},"22":{"line":292,"type":"binary-expr","locations":[{"start":{"line":292,"column":12},"end":{"line":292,"column":50},"skip":true},{"start":{"line":293,"column":12},"end":{"line":293,"column":53},"skip":true}]},"23":{"line":297,"type":"binary-expr","locations":[{"start":{"line":297,"column":12},"end":{"line":297,"column":68},"skip":true},{"start":{"line":298,"column":12},"end":{"line":301,"column":36},"skip":true}]},"24":{"line":303,"type":"binary-expr","locations":[{"start":{"line":303,"column":43},"end":{"line":303,"column":75},"skip":true},{"start":{"line":303,"column":79},"end":{"line":303,"column":81},"skip":true}]},"25":{"line":306,"type":"if","locations":[{"start":{"line":306,"column":8},"end":{"line":306,"column":8},"skip":true},{"start":{"line":306,"column":8},"end":{"line":306,"column":8},"skip":true}]},"26":{"line":310,"type":"if","locations":[{"start":{"line":310,"column":8},"end":{"line":310,"column":8},"skip":true},{"start":{"line":310,"column":8},"end":{"line":310,"column":8},"skip":true}]},"27":{"line":313,"type":"binary-expr","locations":[{"start":{"line":313,"column":27},"end":{"line":313,"column":43},"skip":true},{"start":{"line":313,"column":47},"end":{"line":313,"column":53},"skip":true}]},"28":{"line":317,"type":"if","locations":[{"start":{"line":317,"column":12},"end":{"line":317,"column":12},"skip":true},{"start":{"line":317,"column":12},"end":{"line":317,"column":12},"skip":true}]}},"code":["/*","example.js","","quickstart example","","instruction","    1. save this script as example.js","    2. run the shell command:","        $ npm install npmtest-indicative && PORT=8081 node example.js","    3. play with the browser-demo on http://127.0.0.1:8081","*/","","","","/* istanbul instrument in package npmtest_indicative */","/*jslint","    bitwise: true,","    browser: true,","    maxerr: 8,","    maxlen: 96,","    node: true,","    nomen: true,","    regexp: true,","    stupid: true","*/","(function () {","    'use strict';","    var local;","","","","    // run shared js-env code - init-before","    (function () {","        // init local","        local = {};","        // init modeJs","        local.modeJs = (function () {","            try {","                return typeof navigator.userAgent === 'string' &&","                    typeof document.querySelector('body') === 'object' &&","                    typeof XMLHttpRequest.prototype.open === 'function' &&","                    'browser';","            } catch (errorCaughtBrowser) {","                return module.exports &&","                    typeof process.versions.node === 'string' &&","                    typeof require('http').createServer === 'function' &&","                    'node';","            }","        }());","        // init global","        local.global = local.modeJs === 'browser'","            ? window","            : global;","        // init utility2_rollup","        local = local.global.utility2_rollup || (local.modeJs === 'browser'","            ? local.global.utility2_npmtest_indicative","            : global.utility2_moduleExports);","        // export local","        local.global.local = local;","    }());","    switch (local.modeJs) {","","","","    // init-after","    // run browser js-env code - init-after","    /* istanbul ignore next */","    case 'browser':","        local.testRunBrowser = function (event) {","            if (!event || (event &&","                    event.currentTarget &&","                    event.currentTarget.className &&","                    event.currentTarget.className.includes &&","                    event.currentTarget.className.includes('onreset'))) {","                // reset output","                Array.from(","                    document.querySelectorAll('body > .resettable')","                ).forEach(function (element) {","                    switch (element.tagName) {","                    case 'INPUT':","                    case 'TEXTAREA':","                        element.value = '';","                        break;","                    default:","                        element.textContent = '';","                    }","                });","            }","            switch (event && event.currentTarget && event.currentTarget.id) {","            case 'testRunButton1':","                // show tests","                if (document.querySelector('#testReportDiv1').style.display === 'none') {","                    document.querySelector('#testReportDiv1').style.display = 'block';","                    document.querySelector('#testRunButton1').textContent =","                        'hide internal test';","                    local.modeTest = true;","                    local.testRunDefault(local);","                // hide tests","                } else {","                    document.querySelector('#testReportDiv1').style.display = 'none';","                    document.querySelector('#testRunButton1').textContent = 'run internal test';","                }","                break;","            // custom-case","            default:","                break;","            }","            if (document.querySelector('#inputTextareaEval1') && (!event || (event &&","                    event.currentTarget &&","                    event.currentTarget.className &&","                    event.currentTarget.className.includes &&","                    event.currentTarget.className.includes('oneval')))) {","                // try to eval input-code","                try {","                    /*jslint evil: true*/","                    eval(document.querySelector('#inputTextareaEval1').value);","                } catch (errorCaught) {","                    console.error(errorCaught);","                }","            }","        };","        // log stderr and stdout to #outputTextareaStdout1","        ['error', 'log'].forEach(function (key) {","            console[key + '_original'] = console[key];","            console[key] = function () {","                var element;","                console[key + '_original'].apply(console, arguments);","                element = document.querySelector('#outputTextareaStdout1');","                if (!element) {","                    return;","                }","                // append text to #outputTextareaStdout1","                element.value += Array.from(arguments).map(function (arg) {","                    return typeof arg === 'string'","                        ? arg","                        : JSON.stringify(arg, null, 4);","                }).join(' ') + '\\n';","                // scroll textarea to bottom","                element.scrollTop = element.scrollHeight;","            };","        });","        // init event-handling","        ['change', 'click', 'keyup'].forEach(function (event) {","            Array.from(document.querySelectorAll('.on' + event)).forEach(function (element) {","                element.addEventListener(event, local.testRunBrowser);","            });","        });","        // run tests","        local.testRunBrowser();","        break;","","","","    // run node js-env code - init-after","    /* istanbul ignore next */","    case 'node':","        // export local","        module.exports = local;","        // require modules","        local.fs = require('fs');","        local.http = require('http');","        local.url = require('url');","        // init assets","        local.assetsDict = local.assetsDict || {};","        /* jslint-ignore-begin */","        local.assetsDict['/assets.index.template.html'] = '\\","<!doctype html>\\n\\","<html lang=\"en\">\\n\\","<head>\\n\\","<meta charset=\"UTF-8\">\\n\\","<meta name=\"viewport\" content=\"width=device-width, initial-scale=1\">\\n\\","<title>{{env.npm_package_name}} (v{{env.npm_package_version}})</title>\\n\\","<style>\\n\\","/*csslint\\n\\","    box-sizing: false,\\n\\","    universal-selector: false\\n\\","*/\\n\\","* {\\n\\","    box-sizing: border-box;\\n\\","}\\n\\","body {\\n\\","    background: #dde;\\n\\","    font-family: Arial, Helvetica, sans-serif;\\n\\","    margin: 2rem;\\n\\","}\\n\\","body > * {\\n\\","    margin-bottom: 1rem;\\n\\","}\\n\\",".utility2FooterDiv {\\n\\","    margin-top: 20px;\\n\\","    text-align: center;\\n\\","}\\n\\","</style>\\n\\","<style>\\n\\","/*csslint\\n\\","*/\\n\\","textarea {\\n\\","    font-family: monospace;\\n\\","    height: 10rem;\\n\\","    width: 100%;\\n\\","}\\n\\","textarea[readonly] {\\n\\","    background: #ddd;\\n\\","}\\n\\","</style>\\n\\","</head>\\n\\","<body>\\n\\","<!-- utility2-comment\\n\\","<div id=\"ajaxProgressDiv1\" style=\"background: #d00; height: 2px; left: 0; margin: 0; padding: 0; position: fixed; top: 0; transition: background 0.5s, width 1.5s; width: 25%;\"></div>\\n\\","utility2-comment -->\\n\\","<h1>\\n\\","<!-- utility2-comment\\n\\","    <a\\n\\","        {{#if env.npm_package_homepage}}\\n\\","        href=\"{{env.npm_package_homepage}}\"\\n\\","        {{/if env.npm_package_homepage}}\\n\\","        target=\"_blank\"\\n\\","    >\\n\\","utility2-comment -->\\n\\","        {{env.npm_package_name}} (v{{env.npm_package_version}})\\n\\","<!-- utility2-comment\\n\\","    </a>\\n\\","utility2-comment -->\\n\\","</h1>\\n\\","<h3>{{env.npm_package_description}}</h3>\\n\\","<!-- utility2-comment\\n\\","<h4><a download href=\"assets.app.js\">download standalone app</a></h4>\\n\\","<button class=\"onclick onreset\" id=\"testRunButton1\">run internal test</button><br>\\n\\","<div id=\"testReportDiv1\" style=\"display: none;\"></div>\\n\\","utility2-comment -->\\n\\","\\n\\","\\n\\","\\n\\","<label>stderr and stdout</label>\\n\\","<textarea class=\"resettable\" id=\"outputTextareaStdout1\" readonly></textarea>\\n\\","<!-- utility2-comment\\n\\","{{#if isRollup}}\\n\\","<script src=\"assets.app.js\"></script>\\n\\","{{#unless isRollup}}\\n\\","utility2-comment -->\\n\\","<script src=\"assets.utility2.rollup.js\"></script>\\n\\","<script src=\"jsonp.utility2._stateInit?callback=window.utility2._stateInit\"></script>\\n\\","<script src=\"assets.npmtest_indicative.rollup.js\"></script>\\n\\","<script src=\"assets.example.js\"></script>\\n\\","<script src=\"assets.test.js\"></script>\\n\\","<!-- utility2-comment\\n\\","{{/if isRollup}}\\n\\","utility2-comment -->\\n\\","<div class=\"utility2FooterDiv\">\\n\\","    [ this app was created with\\n\\","    <a href=\"https://github.com/kaizhu256/node-utility2\" target=\"_blank\">utility2</a>\\n\\","    ]\\n\\","</div>\\n\\","</body>\\n\\","</html>\\n\\","';","        /* jslint-ignore-end */","        if (local.templateRender) {","            local.assetsDict['/'] = local.templateRender(","                local.assetsDict['/assets.index.template.html'],","                {","                    env: local.objectSetDefault(local.env, {","                        npm_package_description: 'the greatest app in the world!',","                        npm_package_name: 'my-app',","                        npm_package_nameAlias: 'my_app',","                        npm_package_version: '0.0.1'","                    })","                }","            );","        } else {","            local.assetsDict['/'] = local.assetsDict['/assets.index.template.html']","                .replace((/\\{\\{env\\.(\\w+?)\\}\\}/g), function (match0, match1) {","                    // jslint-hack","                    String(match0);","                    switch (match1) {","                    case 'npm_package_description':","                        return 'the greatest app in the world!';","                    case 'npm_package_name':","                        return 'my-app';","                    case 'npm_package_nameAlias':","                        return 'my_app';","                    case 'npm_package_version':","                        return '0.0.1';","                    }","                });","        }","        // run the cli","        if (local.global.utility2_rollup || module !== require.main) {","            break;","        }","        local.assetsDict['/assets.example.js'] =","            local.assetsDict['/assets.example.js'] ||","            local.fs.readFileSync(__filename, 'utf8');","        // bug-workaround - long $npm_package_buildCustomOrg","        /* jslint-ignore-begin */","        local.assetsDict['/assets.npmtest_indicative.rollup.js'] =","            local.assetsDict['/assets.npmtest_indicative.rollup.js'] ||","            local.fs.readFileSync(","                local.npmtest_indicative.__dirname + '/lib.npmtest_indicative.js',","                'utf8'","            ).replace((/^#!/), '//');","        /* jslint-ignore-end */","        local.assetsDict['/favicon.ico'] = local.assetsDict['/favicon.ico'] || '';","        // if $npm_config_timeout_exit exists,","        // then exit this process after $npm_config_timeout_exit ms","        if (Number(process.env.npm_config_timeout_exit)) {","            setTimeout(process.exit, Number(process.env.npm_config_timeout_exit));","        }","        // start server","        if (local.global.utility2_serverHttp1) {","            break;","        }","        process.env.PORT = process.env.PORT || '8081';","        console.error('server starting on port ' + process.env.PORT);","        local.http.createServer(function (request, response) {","            request.urlParsed = local.url.parse(request.url);","            if (local.assetsDict[request.urlParsed.pathname] !== undefined) {","                response.end(local.assetsDict[request.urlParsed.pathname]);","                return;","            }","            response.statusCode = 404;","            response.end();","        }).listen(process.env.PORT);","        break;","    }","}());",""],"l":{"26":2,"28":2,"33":2,"35":2,"37":2,"38":2,"39":2,"44":1,"51":2,"55":2,"59":2,"61":2,"69":1,"70":2,"76":2,"79":2,"82":2,"83":2,"85":1,"89":2,"92":1,"93":1,"94":1,"96":1,"97":1,"100":1,"101":1,"103":1,"106":1,"108":2,"114":1,"116":1,"118":1,"123":1,"124":2,"125":2,"126":3,"127":3,"128":3,"129":3,"130":1,"133":3,"134":3,"139":3,"143":1,"144":3,"145":1,"149":1,"150":1,"158":1,"160":1,"161":1,"162":1,"164":1,"166":1,"258":1,"259":1,"271":1,"274":6,"275":6,"277":1,"279":2,"281":1,"283":2,"288":1,"289":1,"291":1,"296":1,"303":1,"306":1,"307":1,"310":1,"311":1,"313":1,"314":1,"315":1,"316":1,"317":1,"318":1,"319":1,"321":1,"322":1,"324":1}},"/home/travis/build/npmtest/node-npmtest-indicative/node_modules/indicative/index.js":{"path":"/home/travis/build/npmtest/node-npmtest-indicative/node_modules/indicative/index.js","s":{"1":1,"2":1,"3":1},"b":{},"f":{},"fnMap":{},"statementMap":{"1":{"start":{"line":11,"column":0},"end":{"line":11,"column":44}},"2":{"start":{"line":12,"column":0},"end":{"line":12,"column":50}},"3":{"start":{"line":14,"column":0},"end":{"line":23,"column":1}}},"branchMap":{},"code":["'use strict'","","/**"," * indicative"," *"," * (c) Harminder Virk <virk@adonisjs.com>"," *"," * For the full copyright and license information, please view the LICENSE"," * file that was distributed with this source code.","*/","const Validator = require('./src/Validator')","const Sanitization = require('./src/Sanitization')","","module.exports = {","  validate: Validator.validate,","  validateAll: Validator.validateAll,","  extend: Validator.extend,","  is: Validator.is,","  'is.extend': Validator.is.extend,","  sanitize: Sanitization.sanitize,","  sanitizor: Sanitization.sanitizor,","  'sanitizor.extend': Sanitization.sanitizor.extend","}",""],"l":{"11":1,"12":1,"14":1}},"/home/travis/build/npmtest/node-npmtest-indicative/node_modules/indicative/src/Validator/index.js":{"path":"/home/travis/build/npmtest/node-npmtest-indicative/node_modules/indicative/src/Validator/index.js","s":{"1":1,"2":1,"3":1,"4":1,"5":1,"6":1,"7":1,"8":1,"9":0,"10":0,"11":1,"12":0,"13":0,"14":0,"15":0,"16":1,"17":1,"18":0,"19":0,"20":0,"21":0,"22":0,"23":0,"24":0,"25":1,"26":0,"27":0,"28":0,"29":0,"30":0,"31":0,"32":1,"33":0,"34":0,"35":0,"36":0,"37":1,"38":1,"39":0,"40":0,"41":0,"42":1},"b":{"1":[0,0],"2":[0,0],"3":[0,0],"4":[0,0],"5":[0,0],"6":[0,0]},"f":{"1":0,"2":0,"3":0,"4":0,"5":0,"6":0},"fnMap":{"1":{"name":"_mapValidations","line":32,"loc":{"start":{"line":32,"column":0},"end":{"line":32,"column":57}}},"2":{"name":"_settleAllPromises","line":47,"loc":{"start":{"line":47,"column":0},"end":{"line":47,"column":38}}},"3":{"name":"(anonymous_3)","line":73,"loc":{"start":{"line":73,"column":21},"end":{"line":73,"column":54}}},"4":{"name":"(anonymous_4)","line":95,"loc":{"start":{"line":95,"column":24},"end":{"line":95,"column":57}}},"5":{"name":"(anonymous_5)","line":120,"loc":{"start":{"line":120,"column":19},"end":{"line":120,"column":52}}},"6":{"name":"(anonymous_6)","line":141,"loc":{"start":{"line":141,"column":22},"end":{"line":141,"column":46}}}},"statementMap":{"1":{"start":{"line":12,"column":0},"end":{"line":12,"column":27}},"2":{"start":{"line":13,"column":0},"end":{"line":13,"column":35}},"3":{"start":{"line":14,"column":0},"end":{"line":14,"column":45}},"4":{"start":{"line":15,"column":0},"end":{"line":15,"column":44}},"5":{"start":{"line":16,"column":0},"end":{"line":16,"column":39}},"6":{"start":{"line":17,"column":0},"end":{"line":17,"column":33}},"7":{"start":{"line":18,"column":0},"end":{"line":18,"column":22}},"8":{"start":{"line":32,"column":0},"end":{"line":34,"column":1}},"9":{"start":{"line":33,"column":2},"end":{"line":33,"column":121}},"10":{"start":{"line":33,"column":46},"end":{"line":33,"column":120}},"11":{"start":{"line":47,"column":0},"end":{"line":58,"column":1}},"12":{"start":{"line":48,"column":2},"end":{"line":54,"column":10}},"13":{"start":{"line":51,"column":4},"end":{"line":51,"column":61}},"14":{"start":{"line":55,"column":2},"end":{"line":57,"column":3}},"15":{"start":{"line":56,"column":4},"end":{"line":56,"column":16}},"16":{"start":{"line":60,"column":0},"end":{"line":60,"column":47}},"17":{"start":{"line":73,"column":0},"end":{"line":83,"column":1}},"18":{"start":{"line":74,"column":2},"end":{"line":74,"column":27}},"19":{"start":{"line":75,"column":2},"end":{"line":75,"column":61}},"20":{"start":{"line":76,"column":2},"end":{"line":76,"column":71}},"21":{"start":{"line":78,"column":2},"end":{"line":82,"column":4}},"22":{"start":{"line":79,"column":4},"end":{"line":81,"column":38}},"23":{"start":{"line":80,"column":16},"end":{"line":80,"column":29}},"24":{"start":{"line":81,"column":22},"end":{"line":81,"column":37}},"25":{"start":{"line":95,"column":0},"end":{"line":106,"column":1}},"26":{"start":{"line":96,"column":2},"end":{"line":96,"column":27}},"27":{"start":{"line":97,"column":2},"end":{"line":97,"column":61}},"28":{"start":{"line":98,"column":2},"end":{"line":98,"column":77}},"29":{"start":{"line":100,"column":2},"end":{"line":105,"column":4}},"30":{"start":{"line":101,"column":4},"end":{"line":104,"column":18}},"31":{"start":{"line":103,"column":16},"end":{"line":103,"column":29}},"32":{"start":{"line":120,"column":0},"end":{"line":126,"column":1}},"33":{"start":{"line":121,"column":2},"end":{"line":123,"column":3}},"34":{"start":{"line":122,"column":4},"end":{"line":122,"column":76}},"35":{"start":{"line":124,"column":2},"end":{"line":124,"column":28}},"36":{"start":{"line":125,"column":2},"end":{"line":125,"column":42}},"37":{"start":{"line":128,"column":0},"end":{"line":128,"column":32}},"38":{"start":{"line":141,"column":0},"end":{"line":146,"column":1}},"39":{"start":{"line":142,"column":2},"end":{"line":144,"column":3}},"40":{"start":{"line":143,"column":4},"end":{"line":143,"column":88}},"41":{"start":{"line":145,"column":2},"end":{"line":145,"column":29}},"42":{"start":{"line":151,"column":0},"end":{"line":151,"column":29}}},"branchMap":{"1":{"line":51,"type":"cond-expr","locations":[{"start":{"line":51,"column":41},"end":{"line":51,"column":54}},{"start":{"line":51,"column":57},"end":{"line":51,"column":61}}]},"2":{"line":55,"type":"if","locations":[{"start":{"line":55,"column":2},"end":{"line":55,"column":2}},{"start":{"line":55,"column":2},"end":{"line":55,"column":2}}]},"3":{"line":74,"type":"binary-expr","locations":[{"start":{"line":74,"column":13},"end":{"line":74,"column":21}},{"start":{"line":74,"column":25},"end":{"line":74,"column":27}}]},"4":{"line":96,"type":"binary-expr","locations":[{"start":{"line":96,"column":13},"end":{"line":96,"column":21}},{"start":{"line":96,"column":25},"end":{"line":96,"column":27}}]},"5":{"line":121,"type":"if","locations":[{"start":{"line":121,"column":2},"end":{"line":121,"column":2}},{"start":{"line":121,"column":2},"end":{"line":121,"column":2}}]},"6":{"line":142,"type":"if","locations":[{"start":{"line":142,"column":2},"end":{"line":142,"column":2}},{"start":{"line":142,"column":2},"end":{"line":142,"column":2}}]}},"code":["'use strict'","","/**"," * indicative"," *"," * (c) Harminder Virk <virk@adonisjs.com>"," *"," * For the full copyright and license information, please view the LICENSE"," * file that was distributed with this source code.","*/","","const _ = require('lodash')","const Parser = require('../Parser')","const Validations = require('../Validations')","const ValidationEngine = require('./engine')","const Messages = require('../Messages')","const Modes = require('../Modes')","const Q = require('q')","","/**"," * map all parsedRules into a validation messages to be executed"," * using Q."," *"," * @param   {Object} data"," * @param   {Object} rules"," * @param   {Object} messages"," *"," * @return  {Array}"," *"," * @private"," */","function _mapValidations (data, rules, messages, runAll) {","  return _.map(rules, (validations, field) => ValidationEngine.validateField(data, field, validations, messages, runAll))","}","","/**"," * it manually maps all the errors returned by Q.allSettled"," * and throws them as an array only if there are errors."," *"," * @param  {Array} results"," *"," * @return {void}"," * @throws {Error} If promise resolves to errors or a single error"," *"," * @private"," */","function _settleAllPromises (results) {","  const errors = _(results)","  .flatten()","  .map((result) => {","    return result.state === 'rejected' ? result.reason : null","  })","  .compact()","  .value()","  if (_.size(errors)) {","    throw errors","  }","}","","const Validator = exports = module.exports = {}","","/**"," * validate a set of async validations mapped as field and rule"," * called rules."," *"," * @param  {Object} data"," * @param  {Object} rules"," * @param  {Object} messages"," *"," * @return {Object|Array}"," */","","Validator.validate = function (data, rules, messages) {","  messages = messages || {}","  const transformedRules = Parser.transformRules(data, rules)","  const validations = _mapValidations(data, transformedRules, messages)","","  return Q.Promise((resolve, reject) => {","    Q.all(validations)","    .then(() => resolve(data))","    .catch((error) => reject([error]))","  })","}","","/**"," * Just like validate but waits for all the validations to occur"," * and returns an array of errors."," *"," * @param  {Object} data"," * @param  {Object} rules"," * @param  {Object} messages"," *"," * @return {Object|Array}"," */","Validator.validateAll = function (data, rules, messages) {","  messages = messages || {}","  const transformedRules = Parser.transformRules(data, rules)","  const validations = _mapValidations(data, transformedRules, messages, true)","","  return Q.Promise((resolve, reject) => {","    Q.all(validations)","    .then(_settleAllPromises)","    .then(() => resolve(data))","    .catch(reject)","  })","}","","/**"," * exposes an interface to extend the validator and add"," * new methods to it."," *"," * @param  {String} name"," * @param  {Function} method"," * @param  {String} message"," *"," * @return {void}"," *"," * @throws {Error} If method is not a function"," */","Validator.extend = function (name, method, message) {","  if (typeof (method) !== 'function') {","    throw new Error('Invalid arguments, extend expects a method to execute')","  }","  Validations[name] = method","  Messages.set(_.snakeCase(name), message)","}","","Validator.is = require('../Raw')","","/**"," * exposes an interface to extend the raw validator and add"," * own methods to it."," *"," * @param  {String} name"," * @param  {Function} method"," *"," * @return {void}"," *"," * @throws {Error} If method is not a function"," */","Validator.is.extend = function (name, method) {","  if (typeof (method) !== 'function') {","    throw new Error('Invalid arguments, is.extends expects 2nd parameter as a function')","  }","  Validator.is[name] = method","}","","/**"," * @see Modes.set"," */","Validator.setMode = Modes.set",""],"l":{"12":1,"13":1,"14":1,"15":1,"16":1,"17":1,"18":1,"32":1,"33":0,"47":1,"48":0,"51":0,"55":0,"56":0,"60":1,"73":1,"74":0,"75":0,"76":0,"78":0,"79":0,"80":0,"81":0,"95":1,"96":0,"97":0,"98":0,"100":0,"101":0,"103":0,"120":1,"121":0,"122":0,"124":0,"125":0,"128":1,"141":1,"142":0,"143":0,"145":0,"151":1}},"/home/travis/build/npmtest/node-npmtest-indicative/node_modules/indicative/src/Parser/index.js":{"path":"/home/travis/build/npmtest/node-npmtest-indicative/node_modules/indicative/src/Parser/index.js","s":{"1":1,"2":1,"3":1,"4":1,"5":0,"6":0,"7":0,"8":1,"9":0,"10":0,"11":1,"12":0,"13":0,"14":1,"15":0,"16":0,"17":0,"18":0,"19":1,"20":0,"21":1,"22":0,"23":0,"24":0,"25":0,"26":1,"27":0,"28":0,"29":0,"30":1,"31":0,"32":0},"b":{"1":[0,0],"2":[0,0],"3":[0,0]},"f":{"1":0,"2":0,"3":0,"4":0,"5":0,"6":0,"7":0,"8":0},"fnMap":{"1":{"name":"(anonymous_1)","line":27,"loc":{"start":{"line":27,"column":25},"end":{"line":27,"column":47}}},"2":{"name":"(anonymous_2)","line":45,"loc":{"start":{"line":45,"column":26},"end":{"line":45,"column":49}}},"3":{"name":"(anonymous_3)","line":58,"loc":{"start":{"line":58,"column":15},"end":{"line":58,"column":38}}},"4":{"name":"(anonymous_4)","line":71,"loc":{"start":{"line":71,"column":28},"end":{"line":71,"column":69}}},"5":{"name":"(anonymous_5)","line":90,"loc":{"start":{"line":90,"column":24},"end":{"line":90,"column":47}}},"6":{"name":"(anonymous_6)","line":106,"loc":{"start":{"line":106,"column":31},"end":{"line":106,"column":66}}},"7":{"name":"(anonymous_7)","line":125,"loc":{"start":{"line":125,"column":23},"end":{"line":125,"column":52}}},"8":{"name":"(anonymous_8)","line":144,"loc":{"start":{"line":144,"column":24},"end":{"line":144,"column":47}}}},"statementMap":{"1":{"start":{"line":12,"column":0},"end":{"line":12,"column":57}},"2":{"start":{"line":13,"column":0},"end":{"line":13,"column":27}},"3":{"start":{"line":15,"column":0},"end":{"line":15,"column":42}},"4":{"start":{"line":27,"column":0},"end":{"line":34,"column":1}},"5":{"start":{"line":28,"column":2},"end":{"line":33,"column":10}},"6":{"start":{"line":30,"column":4},"end":{"line":30,"column":52}},"7":{"start":{"line":31,"column":4},"end":{"line":31,"column":33}},"8":{"start":{"line":45,"column":0},"end":{"line":49,"column":1}},"9":{"start":{"line":46,"column":2},"end":{"line":48,"column":4}},"10":{"start":{"line":47,"column":4},"end":{"line":47,"column":39}},"11":{"start":{"line":58,"column":0},"end":{"line":61,"column":1}},"12":{"start":{"line":59,"column":2},"end":{"line":59,"column":94}},"13":{"start":{"line":60,"column":2},"end":{"line":60,"column":44}},"14":{"start":{"line":71,"column":0},"end":{"line":77,"column":1}},"15":{"start":{"line":72,"column":2},"end":{"line":72,"column":54}},"16":{"start":{"line":73,"column":2},"end":{"line":75,"column":3}},"17":{"start":{"line":74,"column":4},"end":{"line":74,"column":22}},"18":{"start":{"line":76,"column":2},"end":{"line":76,"column":50}},"19":{"start":{"line":90,"column":0},"end":{"line":92,"column":1}},"20":{"start":{"line":91,"column":2},"end":{"line":91,"column":38}},"21":{"start":{"line":106,"column":0},"end":{"line":111,"column":1}},"22":{"start":{"line":107,"column":2},"end":{"line":110,"column":5}},"23":{"start":{"line":108,"column":4},"end":{"line":108,"column":97}},"24":{"start":{"line":108,"column":67},"end":{"line":108,"column":86}},"25":{"start":{"line":109,"column":4},"end":{"line":109,"column":42}},"26":{"start":{"line":125,"column":0},"end":{"line":131,"column":1}},"27":{"start":{"line":126,"column":2},"end":{"line":130,"column":3}},"28":{"start":{"line":128,"column":27},"end":{"line":128,"column":86}},"29":{"start":{"line":129,"column":10},"end":{"line":129,"column":44}},"30":{"start":{"line":144,"column":0},"end":{"line":150,"column":1}},"31":{"start":{"line":145,"column":2},"end":{"line":149,"column":10}},"32":{"start":{"line":147,"column":4},"end":{"line":147,"column":61}}},"branchMap":{"1":{"line":30,"type":"cond-expr","locations":[{"start":{"line":30,"column":28},"end":{"line":30,"column":47}},{"start":{"line":30,"column":50},"end":{"line":30,"column":52}}]},"2":{"line":59,"type":"cond-expr","locations":[{"start":{"line":59,"column":58},"end":{"line":59,"column":69}},{"start":{"line":59,"column":72},"end":{"line":59,"column":94}}]},"3":{"line":73,"type":"if","locations":[{"start":{"line":73,"column":2},"end":{"line":73,"column":2}},{"start":{"line":73,"column":2},"end":{"line":73,"column":2}}]}},"code":["'use strict'","","/**"," * indicative"," *"," * (c) Harminder Virk <virk@adonisjs.com>"," *"," * For the full copyright and license information, please view the LICENSE"," * file that was distributed with this source code.","*/","","const arrayExpressionRegex = /(\\w[^\\.\\*]+)(\\.\\*\\.?)(.+)?/","const _ = require('lodash')","","let Parser = exports = module.exports = {}","","/**"," * parse a validation validation string to fetch"," * args from it."," *"," * @param   {String} validation"," *"," * @return  {Object}"," *"," * @private"," */","const _parseValidation = function (validation) {","  return _(validation.split(':'))","  .thru((value) => {","    const args = value[1] ? value[1].split(',') : []","    return {name: value[0], args}","  })","  .value()","}","","/**"," * parse all validation strings to object."," *"," * @param   {Array} validations"," *"," * @return  {Array}"," *"," * @private"," */","const _parseValidations = function (validations) {","  return _.map(validations, (validation) => {","    return _parseValidation(validation)","  })","}","","/**"," * parse a given set of validations to a consumable array."," *"," * @param  {String|Array} rule"," *"," * @return {Array}"," */","Parser.parse = function (validations) {","  const validationsArray = validations instanceof Array ? validations : validations.split('|')","  return _parseValidations(validationsArray)","}","","/**"," * parses an array expression to a consumable object"," *"," * @param  {String} field"," * @return {Object|Null}"," *"," * @public"," */","Parser.expressionCurryFor = function (field, whenMatched, otherwise) {","  const expression = field.match(arrayExpressionRegex)","  if (_.size(expression) < 4) {","    return otherwise()","  }","  return whenMatched(expression[1], expression[3])","}","","/**"," * parses a rule and returns an object with"," * field name and parsed rule."," *"," * @param   {String} rule"," * @param   {String} field"," *"," * @return  {Object}"," *"," * @private"," */","Parser.parseFieldRule = function (rule, field) {","  return {[field]: Parser.parse(rule)}","}","","/**"," * parses field rules for a array expressions"," *"," * @param   {Object} data"," * @param   {String} rule"," * @param   {String} node"," * @param   {String} [child]"," *"," * @return  {Object}"," *"," * @private"," */","Parser.getRulesForExpression = function (data, rule, node, child) {","  return _.fromPairs(_.map(data[node], (value, index) => {","    const fieldName = _([node, index, child]).takeWhile((value) => value !== undefined).join('.')","    return [fieldName, Parser.parse(rule)]","  }))","}","","/**"," * transforms a single rule or an array expression"," * into multiple rules"," *"," * @param   {Object} data"," * @param   {String} rule"," * @param   {String} field"," *"," * @return  {Object}"," *"," * @private"," */","Parser.transformRule = function (data, rule, field) {","  return Parser.expressionCurryFor(","    field,","    (dataKey, fieldKey) => Parser.getRulesForExpression(data, rule, dataKey, fieldKey),","    () => Parser.parseFieldRule(rule, field)","  )","}","","/**"," * transform rules by parsing each rule and converting"," * array expressions into multiple rules"," *"," * @param   {Object} data"," * @param   {Object} rules"," *"," * @return  {Object}"," *"," * @private"," */","Parser.transformRules = function (data, rules) {","  return _(rules)","  .transform((result, rule, field) => {","    _.extend(result, Parser.transformRule(data, rule, field))","  })","  .value()","}",""],"l":{"12":1,"13":1,"15":1,"27":1,"28":0,"30":0,"31":0,"45":1,"46":0,"47":0,"58":1,"59":0,"60":0,"71":1,"72":0,"73":0,"74":0,"76":0,"90":1,"91":0,"106":1,"107":0,"108":0,"109":0,"125":1,"126":0,"128":0,"129":0,"144":1,"145":0,"147":0}},"/home/travis/build/npmtest/node-npmtest-indicative/node_modules/indicative/src/Validations/index.js":{"path":"/home/travis/build/npmtest/node-npmtest-indicative/node_modules/indicative/src/Validations/index.js","s":{"1":1,"2":1,"3":1,"4":1,"5":0,"6":1,"7":0,"8":0,"9":0,"10":0,"11":0,"12":0,"13":0,"14":0,"15":0,"16":0,"17":1,"18":0,"19":0,"20":0,"21":0,"22":0,"23":0,"24":0,"25":0,"26":0,"27":1,"28":0,"29":0,"30":0,"31":0,"32":0,"33":0,"34":0,"35":0,"36":0,"37":1,"38":0,"39":0,"40":0,"41":0,"42":0,"43":0,"44":0,"45":0,"46":0,"47":1,"48":0,"49":0,"50":0,"51":0,"52":0,"53":0,"54":0,"55":0,"56":0,"57":0,"58":0,"59":1,"60":0,"61":0,"62":0,"63":0,"64":0,"65":0,"66":0,"67":0,"68":0,"69":0,"70":0,"71":1,"72":0,"73":0,"74":0,"75":0,"76":0,"77":0,"78":0,"79":0,"80":0,"81":1,"82":0,"83":0,"84":0,"85":0,"86":0,"87":0,"88":0,"89":0,"90":0,"91":1,"92":0,"93":0,"94":0,"95":0,"96":0,"97":0,"98":0,"99":0,"100":0,"101":1,"102":0,"103":0,"104":0,"105":0,"106":0,"107":0,"108":0,"109":0,"110":0,"111":1,"112":0,"113":0,"114":0,"115":0,"116":0,"117":0,"118":0,"119":0,"120":0,"121":1,"122":0,"123":0,"124":0,"125":0,"126":0,"127":0,"128":0,"129":0,"130":0,"131":1,"132":0,"133":0,"134":0,"135":0,"136":0,"137":0,"138":0,"139":0,"140":0,"141":1,"142":0,"143":0,"144":0,"145":0,"146":0,"147":0,"148":0,"149":0,"150":0,"151":1,"152":0,"153":0,"154":0,"155":0,"156":0,"157":0,"158":0,"159":0,"160":0,"161":1,"162":0,"163":0,"164":0,"165":0,"166":0,"167":0,"168":0,"169":0,"170":0,"171":1,"172":0,"173":0,"174":0,"175":0,"176":0,"177":0,"178":0,"179":0,"180":0,"181":0,"182":0,"183":0,"184":0,"185":1,"186":0,"187":0,"188":0,"189":0,"190":0,"191":0,"192":0,"193":0,"194":0,"195":1,"196":0,"197":0,"198":0,"199":0,"200":0,"201":0,"202":0,"203":0,"204":0,"205":0,"206":1,"207":0,"208":0,"209":0,"210":0,"211":0,"212":0,"213":0,"214":0,"215":0,"216":0,"217":1,"218":0,"219":0,"220":0,"221":0,"222":0,"223":0,"224":0,"225":0,"226":0,"227":1,"228":0,"229":0,"230":0,"231":0,"232":0,"233":0,"234":0,"235":0,"236":0,"237":1,"238":0,"239":0,"240":0,"241":0,"242":0,"243":0,"244":1,"245":0,"246":0,"247":0,"248":0,"249":0,"250":0,"251":0,"252":0,"253":0,"254":0,"255":0,"256":1,"257":0,"258":0,"259":0,"260":0,"261":0,"262":0,"263":0,"264":0,"265":0,"266":0,"267":0,"268":0,"269":1,"270":0,"271":0,"272":0,"273":0,"274":0,"275":0,"276":0,"277":0,"278":0,"279":0,"280":0,"281":0,"282":0,"283":0,"284":0,"285":1,"286":0,"287":0,"288":0,"289":0,"290":0,"291":0,"292":0,"293":0,"294":0,"295":0,"296":0,"297":0,"298":0,"299":0,"300":1,"301":0,"302":0,"303":0,"304":0,"305":0,"306":0,"307":0,"308":0,"309":0,"310":0,"311":0,"312":0,"313":0,"314":0,"315":0,"316":1,"317":0,"318":0,"319":0,"320":0,"321":0,"322":0,"323":0,"324":0,"325":0,"326":0,"327":0,"328":0,"329":0,"330":0,"331":0,"332":1,"333":0,"334":0,"335":0,"336":0,"337":0,"338":0,"339":0,"340":0,"341":0,"342":0,"343":0,"344":0,"345":0,"346":0,"347":1,"348":0,"349":0,"350":0,"351":0,"352":0,"353":0,"354":0,"355":0,"356":0,"357":0,"358":0,"359":0,"360":0,"361":0,"362":1,"363":0,"364":0,"365":0,"366":0,"367":0,"368":0,"369":0,"370":0,"371":0,"372":0,"373":1,"374":0,"375":0,"376":0,"377":0,"378":0,"379":0,"380":0,"381":0,"382":0,"383":0,"384":1,"385":0,"386":0,"387":0,"388":0,"389":0,"390":0,"391":0,"392":0,"393":0,"394":0,"395":0,"396":0,"397":0,"398":1,"399":0,"400":0,"401":0,"402":0,"403":0,"404":0,"405":0,"406":0,"407":0,"408":0,"409":1,"410":0,"411":0,"412":0,"413":0,"414":0,"415":0,"416":0,"417":0,"418":0,"419":0,"420":1,"421":0,"422":0,"423":0,"424":0,"425":0,"426":0,"427":0,"428":0,"429":0,"430":0,"431":1,"432":0,"433":0,"434":0,"435":0,"436":0,"437":0,"438":0,"439":0,"440":0,"441":0,"442":1,"443":0,"444":0,"445":0,"446":0,"447":0,"448":0,"449":0,"450":0,"451":0,"452":0,"453":1,"454":0,"455":0,"456":0,"457":0,"458":0,"459":0,"460":0,"461":0,"462":0,"463":0,"464":1,"465":0,"466":0,"467":0,"468":0,"469":0,"470":0,"471":0,"472":0,"473":0,"474":0,"475":1,"476":0,"477":0,"478":0,"479":0,"480":0,"481":0,"482":0,"483":0,"484":0,"485":0,"486":0,"487":0,"488":1,"489":0,"490":0,"491":0,"492":0,"493":0,"494":0,"495":0,"496":0,"497":0,"498":1},"b":{"1":[0,0],"2":[0,0],"3":[0,0],"4":[0,0],"5":[0,0],"6":[0,0],"7":[0,0],"8":[0,0],"9":[0,0],"10":[0,0],"11":[0,0],"12":[0,0],"13":[0,0],"14":[0,0],"15":[0,0],"16":[0,0],"17":[0,0],"18":[0,0],"19":[0,0],"20":[0,0],"21":[0,0],"22":[0,0],"23":[0,0],"24":[0,0],"25":[0,0],"26":[0,0],"27":[0,0],"28":[0,0],"29":[0,0],"30":[0,0],"31":[0,0],"32":[0,0],"33":[0,0],"34":[0,0],"35":[0,0],"36":[0,0],"37":[0,0],"38":[0,0],"39":[0,0],"40":[0,0],"41":[0,0],"42":[0,0],"43":[0,0],"44":[0,0],"45":[0,0],"46":[0,0],"47":[0,0],"48":[0,0],"49":[0,0],"50":[0,0],"51":[0,0],"52":[0,0],"53":[0,0],"54":[0,0],"55":[0,0],"56":[0,0],"57":[0,0],"58":[0,0],"59":[0,0],"60":[0,0],"61":[0,0],"62":[0,0],"63":[0,0],"64":[0,0],"65":[0,0],"66":[0,0],"67":[0,0],"68":[0,0],"69":[0,0],"70":[0,0],"71":[0,0],"72":[0,0],"73":[0,0],"74":[0,0],"75":[0,0],"76":[0,0],"77":[0,0],"78":[0,0],"79":[0,0],"80":[0,0],"81":[0,0],"82":[0,0],"83":[0,0],"84":[0,0],"85":[0,0],"86":[0,0],"87":[0,0],"88":[0,0],"89":[0,0],"90":[0,0],"91":[0,0],"92":[0,0],"93":[0,0],"94":[0,0],"95":[0,0],"96":[0,0],"97":[0,0],"98":[0,0],"99":[0,0],"100":[0,0]},"f":{"1":0,"2":0,"3":0,"4":0,"5":0,"6":0,"7":0,"8":0,"9":0,"10":0,"11":0,"12":0,"13":0,"14":0,"15":0,"16":0,"17":0,"18":0,"19":0,"20":0,"21":0,"22":0,"23":0,"24":0,"25":0,"26":0,"27":0,"28":0,"29":0,"30":0,"31":0,"32":0,"33":0,"34":0,"35":0,"36":0,"37":0,"38":0,"39":0,"40":0,"41":0,"42":0,"43":0,"44":0,"45":0,"46":0,"47":0,"48":0,"49":0,"50":0,"51":0,"52":0,"53":0,"54":0,"55":0,"56":0,"57":0,"58":0,"59":0,"60":0,"61":0,"62":0,"63":0,"64":0,"65":0,"66":0,"67":0,"68":0,"69":0,"70":0,"71":0,"72":0,"73":0,"74":0,"75":0,"76":0,"77":0,"78":0,"79":0,"80":0,"81":0,"82":0,"83":0,"84":0,"85":0,"86":0,"87":0,"88":0,"89":0,"90":0,"91":0},"fnMap":{"1":{"name":"(anonymous_1)","line":30,"loc":{"start":{"line":30,"column":18},"end":{"line":30,"column":35}}},"2":{"name":"(anonymous_2)","line":45,"loc":{"start":{"line":45,"column":24},"end":{"line":45,"column":67}}},"3":{"name":"(anonymous_3)","line":46,"loc":{"start":{"line":46,"column":21},"end":{"line":46,"column":48}}},"4":{"name":"(anonymous_4)","line":72,"loc":{"start":{"line":72,"column":20},"end":{"line":72,"column":63}}},"5":{"name":"(anonymous_5)","line":73,"loc":{"start":{"line":73,"column":21},"end":{"line":73,"column":48}}},"6":{"name":"(anonymous_6)","line":98,"loc":{"start":{"line":98,"column":23},"end":{"line":98,"column":66}}},"7":{"name":"(anonymous_7)","line":99,"loc":{"start":{"line":99,"column":21},"end":{"line":99,"column":48}}},"8":{"name":"(anonymous_8)","line":124,"loc":{"start":{"line":124,"column":20},"end":{"line":124,"column":63}}},"9":{"name":"(anonymous_9)","line":125,"loc":{"start":{"line":125,"column":21},"end":{"line":125,"column":48}}},"10":{"name":"(anonymous_10)","line":151,"loc":{"start":{"line":151,"column":28},"end":{"line":151,"column":71}}},"11":{"name":"(anonymous_11)","line":152,"loc":{"start":{"line":152,"column":21},"end":{"line":152,"column":48}}},"12":{"name":"(anonymous_12)","line":180,"loc":{"start":{"line":180,"column":29},"end":{"line":180,"column":72}}},"13":{"name":"(anonymous_13)","line":181,"loc":{"start":{"line":181,"column":21},"end":{"line":181,"column":48}}},"14":{"name":"(anonymous_14)","line":209,"loc":{"start":{"line":209,"column":20},"end":{"line":209,"column":63}}},"15":{"name":"(anonymous_15)","line":210,"loc":{"start":{"line":210,"column":21},"end":{"line":210,"column":48}}},"16":{"name":"(anonymous_16)","line":236,"loc":{"start":{"line":236,"column":27},"end":{"line":236,"column":70}}},"17":{"name":"(anonymous_17)","line":237,"loc":{"start":{"line":237,"column":21},"end":{"line":237,"column":48}}},"18":{"name":"(anonymous_18)","line":263,"loc":{"start":{"line":263,"column":20},"end":{"line":263,"column":63}}},"19":{"name":"(anonymous_19)","line":264,"loc":{"start":{"line":264,"column":21},"end":{"line":264,"column":48}}},"20":{"name":"(anonymous_20)","line":290,"loc":{"start":{"line":290,"column":18},"end":{"line":290,"column":61}}},"21":{"name":"(anonymous_21)","line":291,"loc":{"start":{"line":291,"column":21},"end":{"line":291,"column":48}}},"22":{"name":"(anonymous_22)","line":317,"loc":{"start":{"line":317,"column":21},"end":{"line":317,"column":64}}},"23":{"name":"(anonymous_23)","line":318,"loc":{"start":{"line":318,"column":21},"end":{"line":318,"column":48}}},"24":{"name":"(anonymous_24)","line":344,"loc":{"start":{"line":344,"column":19},"end":{"line":344,"column":62}}},"25":{"name":"(anonymous_25)","line":345,"loc":{"start":{"line":345,"column":21},"end":{"line":345,"column":48}}},"26":{"name":"(anonymous_26)","line":371,"loc":{"start":{"line":371,"column":17},"end":{"line":371,"column":60}}},"27":{"name":"(anonymous_27)","line":372,"loc":{"start":{"line":372,"column":21},"end":{"line":372,"column":48}}},"28":{"name":"(anonymous_28)","line":398,"loc":{"start":{"line":398,"column":19},"end":{"line":398,"column":62}}},"29":{"name":"(anonymous_29)","line":399,"loc":{"start":{"line":399,"column":21},"end":{"line":399,"column":48}}},"30":{"name":"(anonymous_30)","line":425,"loc":{"start":{"line":425,"column":19},"end":{"line":425,"column":62}}},"31":{"name":"(anonymous_31)","line":426,"loc":{"start":{"line":426,"column":21},"end":{"line":426,"column":48}}},"32":{"name":"(anonymous_32)","line":452,"loc":{"start":{"line":452,"column":22},"end":{"line":452,"column":65}}},"33":{"name":"(anonymous_33)","line":453,"loc":{"start":{"line":453,"column":21},"end":{"line":453,"column":48}}},"34":{"name":"(anonymous_34)","line":480,"loc":{"start":{"line":480,"column":22},"end":{"line":480,"column":65}}},"35":{"name":"(anonymous_35)","line":481,"loc":{"start":{"line":481,"column":21},"end":{"line":481,"column":48}}},"36":{"name":"(anonymous_36)","line":517,"loc":{"start":{"line":517,"column":21},"end":{"line":517,"column":64}}},"37":{"name":"(anonymous_37)","line":518,"loc":{"start":{"line":518,"column":21},"end":{"line":518,"column":48}}},"38":{"name":"(anonymous_38)","line":544,"loc":{"start":{"line":544,"column":19},"end":{"line":544,"column":62}}},"39":{"name":"(anonymous_39)","line":546,"loc":{"start":{"line":546,"column":21},"end":{"line":546,"column":48}}},"40":{"name":"(anonymous_40)","line":572,"loc":{"start":{"line":572,"column":25},"end":{"line":572,"column":68}}},"41":{"name":"(anonymous_41)","line":574,"loc":{"start":{"line":574,"column":21},"end":{"line":574,"column":48}}},"42":{"name":"(anonymous_42)","line":600,"loc":{"start":{"line":600,"column":17},"end":{"line":600,"column":60}}},"43":{"name":"(anonymous_43)","line":601,"loc":{"start":{"line":601,"column":21},"end":{"line":601,"column":48}}},"44":{"name":"(anonymous_44)","line":627,"loc":{"start":{"line":627,"column":20},"end":{"line":627,"column":63}}},"45":{"name":"(anonymous_45)","line":628,"loc":{"start":{"line":628,"column":21},"end":{"line":628,"column":48}}},"46":{"name":"(anonymous_46)","line":655,"loc":{"start":{"line":655,"column":23},"end":{"line":655,"column":66}}},"47":{"name":"(anonymous_47)","line":656,"loc":{"start":{"line":656,"column":21},"end":{"line":656,"column":48}}},"48":{"name":"(anonymous_48)","line":678,"loc":{"start":{"line":678,"column":25},"end":{"line":678,"column":68}}},"49":{"name":"(anonymous_49)","line":680,"loc":{"start":{"line":680,"column":21},"end":{"line":680,"column":48}}},"50":{"name":"(anonymous_50)","line":708,"loc":{"st
[...]
0],"5":[0,0],"6":[0,0],"7":[0,0],"8":[0,0],"9":[0,0],"10":[0,0],"11":[0,0],"12":[0,0],"13":[0,0],"14":[0,0],"15":[0,0],"16":[0,0,0],"17":[0,0],"18":[0,0],"19":[0,0],"20":[0,0],"21":[0,0]},"f":{"1":0,"2":0,"3":0,"4":0,"5":0,"6":0,"7":0,"8":0,"9":0,"10":0,"11":0,"12":0,"13":0,"14":0,"15":0,"16":0,"17":0,"18":0,"19":0,"20":0,"21":0,"22":0,"23":0,"24":0},"fnMap":{"1":{"name":"_isNormalizeableProvider","line":27,"loc":{"start":{"line":27,"column":0},"end":{"line":27,"column":43}}},"2":{"name":"_isHotmail","line":38,"loc":{"start":{"line":38,"column":0},"end":{"line":38,"column":29}}},"3":{"name":"_replace","line":52,"loc":{"start":{"line":52,"column":0},"end":{"line":52,"column":46}}},"4":{"name":"(anonymous_4)","line":67,"loc":{"start":{"line":67,"column":32},"end":{"line":67,"column":55}}},"5":{"name":"(anonymous_5)","line":79,"loc":{"start":{"line":79,"column":29},"end":{"line":79,"column":46}}},"6":{"name":"(anonymous_6)","line":105,"loc":{"start":{"line":105,"column":37},"end":{"line":105,"column":60}}},"7":{"name":"(anonymous_7)","line":113,"loc":{"start":{"line":113,"column":17},"end":{"line":113,"column":35}}},"8":{"name":"(anonymous_8)","line":158,"loc":{"start":{"line":158,"column":32},"end":{"line":158,"column":49}}},"9":{"name":"(anonymous_9)","line":173,"loc":{"start":{"line":173,"column":30},"end":{"line":173,"column":47}}},"10":{"name":"(anonymous_10)","line":186,"loc":{"start":{"line":186,"column":28},"end":{"line":186,"column":51}}},"11":{"name":"(anonymous_11)","line":198,"loc":{"start":{"line":198,"column":29},"end":{"line":198,"column":46}}},"12":{"name":"(anonymous_12)","line":210,"loc":{"start":{"line":210,"column":33},"end":{"line":210,"column":50}}},"13":{"name":"(anonymous_13)","line":211,"loc":{"start":{"line":211,"column":37},"end":{"line":211,"column":61}}},"14":{"name":"(anonymous_14)","line":226,"loc":{"start":{"line":226,"column":32},"end":{"line":226,"column":55}}},"15":{"name":"(anonymous_15)","line":235,"loc":{"start":{"line":235,"column":29},"end":{"line":235,"column":46}}},"16":{"name":"(anonymous_16)","line":239,"loc":{"start":{"line":239,"column":31},"end":{"line":239,"column":48}}},"17":{"name":"(anonymous_17)","line":243,"loc":{"start":{"line":243,"column":32},"end":{"line":243,"column":49}}},"18":{"name":"(anonymous_18)","line":247,"loc":{"start":{"line":247,"column":33},"end":{"line":247,"column":50}}},"19":{"name":"(anonymous_19)","line":251,"loc":{"start":{"line":251,"column":35},"end":{"line":251,"column":52}}},"20":{"name":"(anonymous_20)","line":255,"loc":{"start":{"line":255,"column":28},"end":{"line":255,"column":45}}},"21":{"name":"(anonymous_21)","line":259,"loc":{"start":{"line":259,"column":33},"end":{"line":259,"column":50}}},"22":{"name":"(anonymous_22)","line":263,"loc":{"start":{"line":263,"column":29},"end":{"line":263,"column":46}}},"23":{"name":"(anonymous_23)","line":267,"loc":{"start":{"line":267,"column":27},"end":{"line":267,"column":44}}},"24":{"name":"(anonymous_24)","line":271,"loc":{"start":{"line":271,"column":31},"end":{"line":271,"column":48}}}},"statementMap":{"1":{"start":{"line":12,"column":0},"end":{"line":12,"column":53}},"2":{"start":{"line":13,"column":0},"end":{"line":13,"column":43}},"3":{"start":{"line":14,"column":0},"end":{"line":14,"column":35}},"4":{"start":{"line":16,"column":0},"end":{"line":16,"column":34}},"5":{"start":{"line":18,"column":0},"end":{"line":18,"column":55}},"6":{"start":{"line":27,"column":0},"end":{"line":29,"column":1}},"7":{"start":{"line":28,"column":2},"end":{"line":28,"column":29}},"8":{"start":{"line":38,"column":0},"end":{"line":40,"column":1}},"9":{"start":{"line":39,"column":2},"end":{"line":39,"column":37}},"10":{"start":{"line":52,"column":0},"end":{"line":57,"column":1}},"11":{"start":{"line":53,"column":2},"end":{"line":55,"column":3}},"12":{"start":{"line":54,"column":4},"end":{"line":54,"column":16}},"13":{"start":{"line":56,"column":2},"end":{"line":56,"column":42}},"14":{"start":{"line":67,"column":0},"end":{"line":70,"column":1}},"15":{"start":{"line":68,"column":2},"end":{"line":68,"column":56}},"16":{"start":{"line":69,"column":2},"end":{"line":69,"column":44}},"17":{"start":{"line":79,"column":0},"end":{"line":94,"column":1}},"18":{"start":{"line":80,"column":2},"end":{"line":82,"column":3}},"19":{"start":{"line":81,"column":4},"end":{"line":81,"column":16}},"20":{"start":{"line":84,"column":2},"end":{"line":93,"column":3}},"21":{"start":{"line":105,"column":0},"end":{"line":148,"column":1}},"22":{"start":{"line":106,"column":2},"end":{"line":110,"column":3}},"23":{"start":{"line":112,"column":2},"end":{"line":124,"column":3}},"24":{"start":{"line":113,"column":4},"end":{"line":123,"column":6}},"25":{"start":{"line":114,"column":6},"end":{"line":116,"column":7}},"26":{"start":{"line":115,"column":8},"end":{"line":115,"column":33}},"27":{"start":{"line":117,"column":6},"end":{"line":119,"column":7}},"28":{"start":{"line":118,"column":8},"end":{"line":118,"column":34}},"29":{"start":{"line":120,"column":6},"end":{"line":122,"column":7}},"30":{"start":{"line":121,"column":8},"end":{"line":121,"column":39}},"31":{"start":{"line":126,"column":2},"end":{"line":128,"column":3}},"32":{"start":{"line":127,"column":4},"end":{"line":127,"column":16}},"33":{"start":{"line":130,"column":2},"end":{"line":130,"column":37}},"34":{"start":{"line":132,"column":2},"end":{"line":134,"column":3}},"35":{"start":{"line":133,"column":4},"end":{"line":133,"column":16}},"36":{"start":{"line":136,"column":2},"end":{"line":136,"column":80}},"37":{"start":{"line":137,"column":2},"end":{"line":137,"column":95}},"38":{"start":{"line":139,"column":2},"end":{"line":141,"column":3}},"39":{"start":{"line":140,"column":4},"end":{"line":140,"column":37}},"40":{"start":{"line":143,"column":2},"end":{"line":145,"column":3}},"41":{"start":{"line":144,"column":4},"end":{"line":144,"column":42}},"42":{"start":{"line":147,"column":2},"end":{"line":147,"column":32}},"43":{"start":{"line":158,"column":0},"end":{"line":163,"column":1}},"44":{"start":{"line":159,"column":2},"end":{"line":161,"column":3}},"45":{"start":{"line":160,"column":4},"end":{"line":160,"column":16}},"46":{"start":{"line":162,"column":2},"end":{"line":162,"column":13}},"47":{"start":{"line":173,"column":0},"end":{"line":175,"column":1}},"48":{"start":{"line":174,"column":2},"end":{"line":174,"column":26}},"49":{"start":{"line":186,"column":0},"end":{"line":189,"column":1}},"50":{"start":{"line":187,"column":2},"end":{"line":187,"column":60}},"51":{"start":{"line":188,"column":2},"end":{"line":188,"column":31}},"52":{"start":{"line":198,"column":0},"end":{"line":201,"column":1}},"53":{"start":{"line":199,"column":2},"end":{"line":199,"column":35}},"54":{"start":{"line":200,"column":2},"end":{"line":200,"column":69}},"55":{"start":{"line":210,"column":0},"end":{"line":214,"column":1}},"56":{"start":{"line":211,"column":2},"end":{"line":213,"column":4}},"57":{"start":{"line":212,"column":4},"end":{"line":212,"column":23}},"58":{"start":{"line":226,"column":0},"end":{"line":233,"column":1}},"59":{"start":{"line":227,"column":2},"end":{"line":227,"column":48}},"60":{"start":{"line":228,"column":2},"end":{"line":228,"column":40}},"61":{"start":{"line":229,"column":2},"end":{"line":231,"column":3}},"62":{"start":{"line":230,"column":4},"end":{"line":230,"column":40}},"63":{"start":{"line":232,"column":2},"end":{"line":232,"column":59}},"64":{"start":{"line":235,"column":0},"end":{"line":237,"column":1}},"65":{"start":{"line":236,"column":2},"end":{"line":236,"column":33}},"66":{"start":{"line":239,"column":0},"end":{"line":241,"column":1}},"67":{"start":{"line":240,"column":2},"end":{"line":240,"column":35}},"68":{"start":{"line":243,"column":0},"end":{"line":245,"column":1}},"69":{"start":{"line":244,"column":2},"end":{"line":244,"column":32}},"70":{"start":{"line":247,"column":0},"end":{"line":249,"column":1}},"71":{"start":{"line":248,"column":2},"end":{"line":248,"column":34}},"72":{"start":{"line":251,"column":0},"end":{"line":253,"column":1}},"73":{"start":{"line":252,"column":2},"end":{"line":252,"column":36}},"74":{"start":{"line":255,"column":0},"end":{"line":257,"column":1}},"75":{"start":{"line":256,"column":2},"end":{"line":256,"column":32}},"76":{"start":{"line":259,"column":0},"end":{"line":261,"column":1}},"77":{"start":{"line":260,"column":2},"end":{"line":260,"column":34}},"78":{"start":{"line":263,"column":0},"end":{"line":265,"column":1}},"79":{"start":{"line":264,"column":2},"end":{"line":264,"column":33}},"80":{"start":{"line":267,"column":0},"end":{"line":269,"column":1}},"81":{"start":{"line":268,"column":2},"end":{"line":268,"column":36}},"82":{"start":{"line":271,"column":0},"end":{"line":273,"column":1}},"83":{"start":{"line":272,"column":2},"end":{"line":272,"column":32}}},"branchMap":{"1":{"line":53,"type":"if","locations":[{"start":{"line":53,"column":2},"end":{"line":53,"column":2}},{"start":{"line":53,"column":2},"end":{"line":53,"column":2}}]},"2":{"line":80,"type":"if","locations":[{"start":{"line":80,"column":2},"end":{"line":80,"column":2}},{"start":{"line":80,"column":2},"end":{"line":80,"column":2}}]},"3":{"line":112,"type":"if","locations":[{"start":{"line":112,"column":2},"end":{"line":112,"column":2}},{"start":{"line":112,"column":2},"end":{"line":112,"column":2}}]},"4":{"line":114,"type":"if","locations":[{"start":{"line":114,"column":6},"end":{"line":114,"column":6}},{"start":{"line":114,"column":6},"end":{"line":114,"column":6}}]},"5":{"line":117,"type":"if","locations":[{"start":{"line":117,"column":6},"end":{"line":117,"column":6}},{"start":{"line":117,"column":6},"end":{"line":117,"column":6}}]},"6":{"line":120,"type":"if","locations":[{"start":{"line":120,"column":6},"end":{"line":120,"column":6}},{"start":{"line":120,"column":6},"end":{"line":120,"column":6}}]},"7":{"line":126,"type":"if","locations":[{"start":{"line":126,"column":2},"end":{"line":126,"column":2}},{"start":{"line":126,"column":2},"end":{"line":126,"column":2}}]},"8":{"line":132,"type":"if","locations":[{"start":{"line":132,"column":2},"end":{"line":132,"column":2}},{"start":{"line":132,"column":2},"end":{"line":132,"column":2}}]},"9":{"line":136,"type":"cond-expr","locations":[{"start":{"line":136,"column":37},"end":{"line":136,"column":64}},{"start":{"line":136,"column":67},"end":{"line":136,"column":80}}]},"10":{"line":137,"type":"cond-expr","locations":[{"start":{"line":137,"column":54},"end":{"line":137,"column":65}},{"start":{"line":137,"column":68},"end":{"line":137,"column":95}}]},"11":{"line":139,"type":"if","locations":[{"start":{"line":139,"column":2},"end":{"line":139,"column":2}},{"start":{"line":139,"column":2},"end":{"line":139,"column":2}}]},"12":{"line":139,"type":"binary-expr","locations":[{"start":{"line":139,"column":6},"end":{"line":139,"column":29}},{"start":{"line":139,"column":33},"end":{"line":139,"column":65}}]},"13":{"line":143,"type":"if","locations":[{"start":{"line":143,"column":2},"end":{"line":143,"column":2}},{"start":{"line":143,"column":2},"end":{"line":143,"column":2}}]},"14":{"line":143,"type":"binary-expr","locations":[{"start":{"line":143,"column":6},"end":{"line":143,"column":24}},{"start":{"line":143,"column":28},"end":{"line":143,"column":47}}]},"15":{"line":159,"type":"if","locations":[{"start":{"line":159,"column":2},"end":{"line":159,"column":2}},{"start":{"line":159,"column":2},"end":{"line":159,"column":2}}]},"16":{"line":159,"type":"binary-expr","locations":[{"start":{"line":159,"column":6},"end":{"line":159,"column":12}},{"start":{"line":159,"column":16},"end":{"line":159,"column":33}},{"start":{"line":159,"column":37},"end":{"line":159,"column":50}}]},"17":{"line":187,"type":"cond-expr","locations":[{"start":{"line":187,"column":48},"end":{"line":187,"column":55}},{"start":{"line":187,"column":58},"end":{"line":187,"column":60}}]},"18":{"line":200,"type":"cond-expr","locations":[{"start":{"line":200,"column":53},"end":{"line":200,"column":57}},{"start":{"line":200,"column":60},"end":{"line":200,"column":69}}]},"19":{"line":227,"type":"binary-expr","locations":[{"start":{"line":227,"column":18},"end":{"line":227,"column":25}},{"start":{"line":227,"column":29},"end":{"line":227,"column":47}}]},"20":{"line":229,"type":"if","locations":[{"start":{"line":229,"column":2},"end":{"line":229,"column":2}},{"start":{"line":229,"column":2},"end":{"line":229,"column":2}}]},"21":{"line":232,"type":"cond-expr","locations":[{"start":{"line":232,"column":39},"end":{"line":232,"column":51}},{"start":{"line":232,"column":54},"end":{"line":232,"column":59}}]}},"code":["'use strict'","","/**"," * indicative"," *"," * (c) Harminder Virk <virk@adonisjs.com>"," *"," * For the full copyright and license information, please view the LICENSE"," * file that was distributed with this source code.","*/","","const domains = /^hotmail\\.com|gmail\\.com|live\\.com$/","const linksRegex = /<a\\b[^>]*>(.*?)<\\/a>/ig","const tagsRegex = /<\\/?[^>]+(>|$)/g","","const inflect = require('inflect')","","let SanitizationFilters = exports = module.exports = {}","","/**"," * @description tells whether domain falls in one of the"," * normalized providers or not"," * @method _isNormalizeableProvider"," * @param  {String}                 domain"," * @return {Boolean}"," */","function _isNormalizeableProvider (domain) {","  return domains.test(domain)","}","","/**"," * @description tells whether email is hotmail or not"," * @method _isHotmail"," * @param  {String}   domain"," * @return {Boolean}"," * @private"," */","function _isHotmail (domain) {","  return /hotmail\\.com$/.test(domain)","}","","/**"," * @description replaces a pattern with a substitue"," * only if value is a string"," * @method _replace"," * @param  {Mixed} value"," * @param  {Regex} pattern"," * @param  {String|Function} subsitute"," * @return {Mixed}"," * @private"," */","function _replace (value, pattern, subsitute) {","  if (typeof (value) !== 'string') {","    return value","  }","  return value.replace(pattern, subsitute)","}","","/**"," * @description removes blacklisted values from string"," * @method blacklist"," * @param  {String}  value"," * @param  {Array}  args"," * @return {String}"," * @public"," */","SanitizationFilters.blacklist = function (value, args) {","  const blacklistRegex = new RegExp(`[${args[0]}]`, 'g')","  return _replace(value, blacklistRegex, '')","}","","/**"," * @description escapes an input if it's string"," * @method escape"," * @param  {String} value"," * @return {String}"," * @public"," */","SanitizationFilters.escape = function (value) {","  if (typeof (value) !== 'string') {","    return value","  }","","  return (","  value","    .replace(/&/g, '&amp;')","    .replace(/\"/g, '&quot;')","    .replace(/'/g, '&#x27;')","    .replace(/</g, '&lt;')","    .replace(/>/g, '&gt;')","    .replace(/\\//g, '&#x2F;')","    .replace(/\\//g, '&#96;')","  )","}","","/**"," * @description normalizes an email by removing all unncessary"," * characters from it"," * @method normalizeEmail"," * @param  {String}       value"," * @param  {Array}       args"," * @return {String}"," * @public"," */","SanitizationFilters.normalizeEmail = function (value, args) {","  const options = {","    lowercase: true,","    removeDots: true,","    removeExtension: true","  }","","  if (args instanceof Array) {","    args.forEach(function (option) {","      if (option === '!lc') {","        options.lowercase = false","      }","      if (option === '!rd') {","        options.removeDots = false","      }","      if (option === '!re') {","        options.removeExtension = false","      }","    })","  }","","  if (typeof (value) !== 'string') {","    return value","  }","","  const splitValue = value.split('@')","","  if (!splitValue[1]) {","    return value","  }","","  let username = options.lowercase ? splitValue[0].toLowerCase() : splitValue[0]","  const domain = splitValue[1] === 'googlemail.com' ? 'gmail.com' : splitValue[1].toLowerCase()","","  if (options.removeExtension && _isNormalizeableProvider(domain)) {","    username = username.split('+')[0]","  }","","  if (options.removeDots && !_isHotmail(domain)) {","    username = username.replace(/\\./g, '')","  }","","  return `${username}@${domain}`","}","","/**"," * @description coverts a value to boolean all values"," * with positive inputs yields to true"," * @method toBoolean"," * @param  {Mixed}  value"," * @return {Boolean}"," * @public"," */","SanitizationFilters.toBoolean = function (value) {","  if (!value || value === 'false' || value === '0') {","    return false","  }","  return true","}","","/**"," * @description converts a value to float or returns"," * NaN when unable to make it a flat"," * @method toFloat"," * @param  {Mixed} value"," * @return {Float}"," * @public"," */","SanitizationFilters.toFloat = function (value) {","  return parseFloat(value)","}","","/**"," * @description coverts a value to integer or returns"," * NaN"," * @method toInt"," * @param  {Mixed} value"," * @param  {Array} args"," * @return {Integer}"," * @public"," */","SanitizationFilters.toInt = function (value, args) {","  const radix = typeof (args[0]) === 'number' ? args[0] : 10","  return parseInt(value, radix)","}","","/**"," * @desription converts a date to a date object or"," * return null when invalid date"," * @method toDate"," * @param  {Mixed} value"," * @return {String}"," */","SanitizationFilters.toDate = function (value) {","  const dateValue = new Date(value)","  return (dateValue.toString() === 'Invalid Date') ? null : dateValue","}","","/**"," * @description strips a tags from string"," * @method stripLinks"," * @param  {String}   value"," * @return {String}"," * @public"," */","SanitizationFilters.stripLinks = function (value) {","  return _replace(value, linksRegex, function (index, group) {","    return group.trim()","  })","}","","/**"," * @description strips html tags from a give value"," * and also removes unwanted spaces if trim is"," * set to true"," * @method stripTags"," * @param  {String}  value"," * @param  {Array}  args"," * @return {String}"," * @public"," */","SanitizationFilters.stripTags = function (value, args) {","  const strict = (args[0] && args[0] === 'trim')","  value = _replace(value, tagsRegex, '')","  if (strict) {","    value = _replace(value, /\\s+/g, ' ')","  }","  return typeof (value) === 'string' ? value.trim() : value","}","","SanitizationFilters.plural = function (value) {","  return inflect.pluralize(value)","}","","SanitizationFilters.singular = function (value) {","  return inflect.singularize(value)","}","","SanitizationFilters.camelCase = function (value) {","  return inflect.camelize(value)","}","","SanitizationFilters.capitalize = function (value) {","  return inflect.capitalize(value)","}","","SanitizationFilters.decapitalize = function (value) {","  return inflect.decapitalize(value)","}","","SanitizationFilters.title = function (value) {","  return inflect.titleize(value)","}","","SanitizationFilters.underscore = function (value) {","  return inflect.underscore(value)","}","","SanitizationFilters.toDash = function (value) {","  return inflect.dasherize(value)","}","","SanitizationFilters.slug = function (value) {","  return inflect.parameterize(value)","}","","SanitizationFilters.humanize = function (value) {","  return inflect.humanize(value)","}",""],"l":{"12":1,"13":1,"14":1,"16":1,"18":1,"27":1,"28":0,"38":1,"39":0,"52":1,"53":0,"54":0,"56":0,"67":1,"68":0,"69":0,"79":1,"80":0,"81":0,"84":0,"105":1,"106":0,"112":0,"113":0,"114":0,"115":0,"117":0,"118":0,"120":0,"121":0,"126":0,"127":0,"130":0,"132":0,"133":0,"136":0,"137":0,"139":0,"140":0,"143":0,"144":0,"147":0,"158":1,"159":0,"160":0,"162":0,"173":1,"174":0,"186":1,"187":0,"188":0,"198":1,"199":0,"200":0,"210":1,"211":0,"212":0,"226":1,"227":0,"228":0,"229":0,"230":0,"232":0,"235":1,"236":0,"239":1,"240":0,"243":1,"244":0,"247":1,"248":0,"251":1,"252":0,"255":1,"256":0,"259":1,"260":0,"263":1,"264":0,"267":1,"268":0,"271":1,"272":0}}}